#
# There is insufficient memory for the Java Runtime Environment to continue.
# Native memory allocation (malloc) failed to allocate 32744 bytes for ChunkPool::allocate
# Possible reasons:
#   The system is out of physical RAM or swap space
#   The process is running with CompressedOops enabled, and the Java Heap may be blocking the growth of the native heap
# Possible solutions:
#   Reduce memory load on the system
#   Increase physical memory or swap space
#   Check if swap backing store is full
#   Decrease Java heap size (-Xmx/-Xms)
#   Decrease number of Java threads
#   Decrease Java thread stack sizes (-Xss)
#   Set larger code cache with -XX:ReservedCodeCacheSize=
#   JVM is running with Unscaled Compressed Oops mode in which the Java heap is
#     placed in the first 4GB address space. The Java Heap base address is the
#     maximum limit for the native heap growth. Please use -XX:HeapBaseMinAddress
#     to set the Java Heap base and to place the Java Heap above 4GB virtual address.
# This output file may be truncated or incomplete.
#
#  Out of Memory Error (allocation.cpp:272), pid=940, tid=0x00000000000051f0
#
# JRE version: Java(TM) SE Runtime Environment (8.0_261-b12) (build 1.8.0_261-b12)
# Java VM: Java HotSpot(TM) 64-Bit Server VM (25.261-b12 mixed mode windows-amd64 compressed oops)
# Failed to write core dump. Minidumps are not enabled by default on client versions of Windows
#

---------------  T H R E A D  ---------------

Current thread (0x000001ec7a824000):  JavaThread "C2 CompilerThread2" daemon [_thread_in_native, id=20976, stack(0x000000ade6e00000,0x000000ade6f00000)]

Stack: [0x000000ade6e00000,0x000000ade6f00000]
Native frames: (J=compiled Java code, j=interpreted, Vv=VM code, C=native code)
V  [jvm.dll+0x33e5f9]
V  [jvm.dll+0x2850e2]
V  [jvm.dll+0x285d8d]
V  [jvm.dll+0x27c895]
V  [jvm.dll+0xe520d]
V  [jvm.dll+0xe556c]
V  [jvm.dll+0xe50bd]
V  [jvm.dll+0x4d506f]
V  [jvm.dll+0x4efc9a]
V  [jvm.dll+0x446b52]
V  [jvm.dll+0x44f8f5]
V  [jvm.dll+0x44ecb5]
V  [jvm.dll+0x439bc7]
V  [jvm.dll+0xbbbcb]
V  [jvm.dll+0xba22b]
V  [jvm.dll+0x24d962]
V  [jvm.dll+0x2a1cfc]
C  [ucrtbase.dll+0x14ea0]
C  [KERNEL32.DLL+0x2e8d7]
C  [ntdll.dll+0xdfbcc]


Current CompileTask:
C2:1272637 6363       4       org.jboss.jandex.Indexer::parseType (230 bytes)


---------------  P R O C E S S  ---------------

Java Threads: ( => current thread )
  0x000001ec00fbe000 JavaThread "mysql-cj-abandoned-connection-cleanup" daemon [_thread_blocked, id=21092, stack(0x000000ade5800000,0x000000ade5900000)]
  0x000001ec00fb9800 JavaThread "http-nio-8080-Acceptor" daemon [_thread_in_native, id=11088, stack(0x000000ade8500000,0x000000ade8600000)]
  0x000001ec00fba800 JavaThread "http-nio-8080-ClientPoller" daemon [_thread_in_native, id=10228, stack(0x000000ade8400000,0x000000ade8500000)]
  0x000001ec00fb9000 JavaThread "http-nio-8080-exec-10" daemon [_thread_blocked, id=21608, stack(0x000000ade8300000,0x000000ade8400000)]
  0x000001ec00fb8000 JavaThread "http-nio-8080-exec-9" daemon [_thread_blocked, id=7356, stack(0x000000ade8200000,0x000000ade8300000)]
  0x000001ec7af80000 JavaThread "http-nio-8080-exec-8" daemon [_thread_blocked, id=1560, stack(0x000000ade8100000,0x000000ade8200000)]
  0x000001ec7af7f800 JavaThread "http-nio-8080-exec-7" daemon [_thread_blocked, id=18132, stack(0x000000ade8000000,0x000000ade8100000)]
  0x000001ec7af7e800 JavaThread "http-nio-8080-exec-6" daemon [_thread_blocked, id=20292, stack(0x000000ade7f00000,0x000000ade8000000)]
  0x000001ec7af7b000 JavaThread "http-nio-8080-exec-5" daemon [_thread_blocked, id=6564, stack(0x000000ade7e00000,0x000000ade7f00000)]
  0x000001ec7af7b800 JavaThread "http-nio-8080-exec-4" daemon [_thread_blocked, id=21512, stack(0x000000ade7d00000,0x000000ade7e00000)]
  0x000001ec7af7e000 JavaThread "http-nio-8080-exec-3" daemon [_thread_blocked, id=9336, stack(0x000000ade7c00000,0x000000ade7d00000)]
  0x000001ec7af7d000 JavaThread "http-nio-8080-exec-2" daemon [_thread_blocked, id=3740, stack(0x000000ade7b00000,0x000000ade7c00000)]
  0x000001ec7af79800 JavaThread "http-nio-8080-exec-1" daemon [_thread_blocked, id=11024, stack(0x000000ade7a00000,0x000000ade7b00000)]
  0x000001ec7af7a000 JavaThread "Catalina-utility-2" [_thread_in_native, id=17804, stack(0x000000ade7900000,0x000000ade7a00000)]
  0x000001ec7af7c800 JavaThread "Catalina-utility-1" [_thread_blocked, id=7880, stack(0x000000ade7800000,0x000000ade7900000)]
  0x000001ec7b9ed800 JavaThread "http-nio-8080-BlockPoller" daemon [_thread_in_native, id=14348, stack(0x000000ade7500000,0x000000ade7600000)]
  0x000001ec7b257800 JavaThread "GC Daemon" daemon [_thread_blocked, id=15596, stack(0x000000ade7400000,0x000000ade7500000)]
  0x000001ec7ac12800 JavaThread "FileHandlerLogFilesCleaner-1" daemon [_thread_blocked, id=1072, stack(0x000000ade7300000,0x000000ade7400000)]
  0x000001ec7a91b000 JavaThread "AsyncFileHandlerWriter-1414644648" daemon [_thread_blocked, id=15984, stack(0x000000ade7200000,0x000000ade7300000)]
  0x000001ec7a8b1000 JavaThread "Service Thread" daemon [_thread_blocked, id=2916, stack(0x000000ade7000000,0x000000ade7100000)]
  0x000001ec7a825000 JavaThread "C1 CompilerThread3" daemon [_thread_blocked, id=4492, stack(0x000000ade6f00000,0x000000ade7000000)]
=>0x000001ec7a824000 JavaThread "C2 CompilerThread2" daemon [_thread_in_native, id=20976, stack(0x000000ade6e00000,0x000000ade6f00000)]
  0x000001ec7a823000 JavaThread "C2 CompilerThread1" daemon [_thread_in_native, id=20416, stack(0x000000ade6d00000,0x000000ade6e00000)]
  0x000001ec7836e000 JavaThread "C2 CompilerThread0" daemon [_thread_blocked, id=15444, stack(0x000000ade6c00000,0x000000ade6d00000)]
  0x000001ec7833a800 JavaThread "Attach Listener" daemon [_thread_blocked, id=17876, stack(0x000000ade6a00000,0x000000ade6b00000)]
  0x000001ec78339800 JavaThread "Signal Dispatcher" daemon [_thread_blocked, id=19308, stack(0x000000ade6900000,0x000000ade6a00000)]
  0x000001ec7830e000 JavaThread "Finalizer" daemon [_thread_blocked, id=15696, stack(0x000000ade6800000,0x000000ade6900000)]
  0x000001ec78304800 JavaThread "Reference Handler" daemon [_thread_blocked, id=7636, stack(0x000000ade6700000,0x000000ade6800000)]
  0x000001ec6210d000 JavaThread "main" [_thread_in_native, id=6536, stack(0x000000ade5b00000,0x000000ade5c00000)]

Other Threads:
  0x000001ec782db000 VMThread [stack: 0x000000ade6600000,0x000000ade6700000] [id=20536]
  0x000001ec7a8cd000 WatcherThread [stack: 0x000000ade7100000,0x000000ade7200000] [id=21328]

VM state:not at safepoint (normal execution)

VM Mutex/Monitor currently owned by a thread: None

heap address: 0x0000000084400000, size: 1980 MB, Compressed Oops mode: 32-bit
Narrow klass base: 0x0000000000000000, Narrow klass shift: 3
Compressed class space size: 1073741824 Address: 0x0000000100000000

Heap:
 PSYoungGen      total 369152K, used 191110K [0x00000000d6c00000, 0x00000000f1280000, 0x0000000100000000)
  eden space 333312K, 46% used [0x00000000d6c00000,0x00000000e03a9408,0x00000000eb180000)
  from space 35840K, 99% used [0x00000000eed00000,0x00000000f0ff84e8,0x00000000f1000000)
  to   space 49664K, 0% used [0x00000000eb180000,0x00000000eb180000,0x00000000ee200000)
 ParOldGen       total 91648K, used 58396K [0x0000000084400000, 0x0000000089d80000, 0x00000000d6c00000)
  object space 91648K, 63% used [0x0000000084400000,0x0000000087d07110,0x0000000089d80000)
 Metaspace       used 71412K, capacity 73468K, committed 73728K, reserved 1114112K
  class space    used 9519K, capacity 9918K, committed 9984K, reserved 1048576K

Card table byte_map: [0x000001ec73030000,0x000001ec73410000] byte_map_base: 0x000001ec72c0e000

Marking Bits: (ParMarkBitMap*) 0x0000000051d04fb0
 Begin Bits: [0x000001ec736b0000, 0x000001ec755a0000)
 End Bits:   [0x000001ec755a0000, 0x000001ec77490000)

Polling page: 0x000001ec63b40000

CodeCache: size=245760Kb used=17857Kb max_used=17869Kb free=227902Kb
 bounds [0x000001ec63c70000, 0x000001ec64e00000, 0x000001ec72c70000]
 total_blobs=6063 nmethods=5458 adapters=516
 compilation: enabled

Compilation events (10 events):
Event: 1272.452 Thread 0x000001ec7a825000 6385       3       java.util.concurrent.ConcurrentHashMap::resizeStamp (13 bytes)
Event: 1272.452 Thread 0x000001ec7a825000 nmethod 6385 0x000001ec64def6d0 code [0x000001ec64def840, 0x000001ec64def9d0]
Event: 1272.508 Thread 0x000001ec7a825000 6386       3       java.util.Formatter$Flags::contains (22 bytes)
Event: 1272.509 Thread 0x000001ec7a825000 nmethod 6386 0x000001ec64df34d0 code [0x000001ec64df3640, 0x000001ec64df3858]
Event: 1272.537 Thread 0x000001ec7a825000 6387       3       java.util.regex.Matcher::end (22 bytes)
Event: 1272.538 Thread 0x000001ec7a825000 nmethod 6387 0x000001ec64df3910 code [0x000001ec64df3a80, 0x000001ec64df3cd0]
Event: 1272.556 Thread 0x000001ec7a825000 6388       3       java.util.regex.Pattern::skip (23 bytes)
Event: 1272.556 Thread 0x000001ec7a825000 nmethod 6388 0x000001ec64def2d0 code [0x000001ec64def420, 0x000001ec64def5b8]
Event: 1272.556 Thread 0x000001ec7a825000 6389       1       java.util.regex.Pattern::flags (5 bytes)
Event: 1272.556 Thread 0x000001ec7a825000 nmethod 6389 0x000001ec64df3d90 code [0x000001ec64df3ee0, 0x000001ec64df3ff8]

GC Heap History (10 events):
Event: 17.083 GC heap before
{Heap before GC invocations=13 (full 2):
 PSYoungGen      total 346624K, used 15063K [0x00000000d6c00000, 0x00000000f0a00000, 0x0000000100000000)
  eden space 331264K, 0% used [0x00000000d6c00000,0x00000000d6c00000,0x00000000eaf80000)
  from space 15360K, 98% used [0x00000000ed080000,0x00000000edf35fa8,0x00000000edf80000)
  to   space 29696K, 0% used [0x00000000eed00000,0x00000000eed00000,0x00000000f0a00000)
 ParOldGen       total 65024K, used 15196K [0x0000000084400000, 0x0000000088380000, 0x00000000d6c00000)
  object space 65024K, 23% used [0x0000000084400000,0x00000000852d7080,0x0000000088380000)
 Metaspace       used 34285K, capacity 35234K, committed 35416K, reserved 1081344K
  class space    used 4247K, capacity 4488K, committed 4608K, reserved 1048576K
Event: 17.130 GC heap after
Heap after GC invocations=13 (full 2):
 PSYoungGen      total 346624K, used 0K [0x00000000d6c00000, 0x00000000f0a00000, 0x0000000100000000)
  eden space 331264K, 0% used [0x00000000d6c00000,0x00000000d6c00000,0x00000000eaf80000)
  from space 15360K, 0% used [0x00000000ed080000,0x00000000ed080000,0x00000000edf80000)
  to   space 29696K, 0% used [0x00000000eed00000,0x00000000eed00000,0x00000000f0a00000)
 ParOldGen       total 91648K, used 23296K [0x0000000084400000, 0x0000000089d80000, 0x00000000d6c00000)
  object space 91648K, 25% used [0x0000000084400000,0x0000000085ac0380,0x0000000089d80000)
 Metaspace       used 34285K, capacity 35234K, committed 35416K, reserved 1081344K
  class space    used 4247K, capacity 4488K, committed 4608K, reserved 1048576K
}
Event: 27.699 GC heap before
{Heap before GC invocations=14 (full 2):
 PSYoungGen      total 346624K, used 319232K [0x00000000d6c00000, 0x00000000f0a00000, 0x0000000100000000)
  eden space 331264K, 96% used [0x00000000d6c00000,0x00000000ea3c0290,0x00000000eaf80000)
  from space 15360K, 0% used [0x00000000ed080000,0x00000000ed080000,0x00000000edf80000)
  to   space 29696K, 0% used [0x00000000eed00000,0x00000000eed00000,0x00000000f0a00000)
 ParOldGen       total 91648K, used 23296K [0x0000000084400000, 0x0000000089d80000, 0x00000000d6c00000)
  object space 91648K, 25% used [0x0000000084400000,0x0000000085ac0380,0x0000000089d80000)
 Metaspace       used 57510K, capacity 58968K, committed 59008K, reserved 1099776K
  class space    used 7493K, capacity 7795K, committed 7808K, reserved 1048576K
Event: 27.725 GC heap after
Heap after GC invocations=14 (full 2):
 PSYoungGen      total 391168K, used 26189K [0x00000000d6c00000, 0x00000000f5200000, 0x0000000100000000)
  eden space 361472K, 0% used [0x00000000d6c00000,0x00000000d6c00000,0x00000000ecd00000)
  from space 29696K, 88% used [0x00000000eed00000,0x00000000f0693518,0x00000000f0a00000)
  to   space 32768K, 0% used [0x00000000ecd00000,0x00000000ecd00000,0x00000000eed00000)
 ParOldGen       total 91648K, used 23312K [0x0000000084400000, 0x0000000089d80000, 0x00000000d6c00000)
  object space 91648K, 25% used [0x0000000084400000,0x0000000085ac4380,0x0000000089d80000)
 Metaspace       used 57510K, capacity 58968K, committed 59008K, reserved 1099776K
  class space    used 7493K, capacity 7795K, committed 7808K, reserved 1048576K
}
Event: 27.725 GC heap before
{Heap before GC invocations=15 (full 3):
 PSYoungGen      total 391168K, used 26189K [0x00000000d6c00000, 0x00000000f5200000, 0x0000000100000000)
  eden space 361472K, 0% used [0x00000000d6c00000,0x00000000d6c00000,0x00000000ecd00000)
  from space 29696K, 88% used [0x00000000eed00000,0x00000000f0693518,0x00000000f0a00000)
  to   space 32768K, 0% used [0x00000000ecd00000,0x00000000ecd00000,0x00000000eed00000)
 ParOldGen       total 91648K, used 23312K [0x0000000084400000, 0x0000000089d80000, 0x00000000d6c00000)
  object space 91648K, 25% used [0x0000000084400000,0x0000000085ac4380,0x0000000089d80000)
 Metaspace       used 57510K, capacity 58968K, committed 59008K, reserved 1099776K
  class space    used 7493K, capacity 7795K, committed 7808K, reserved 1048576K
Event: 27.879 GC heap after
Heap after GC invocations=15 (full 3):
 PSYoungGen      total 391168K, used 0K [0x00000000d6c00000, 0x00000000f5200000, 0x0000000100000000)
  eden space 361472K, 0% used [0x00000000d6c00000,0x00000000d6c00000,0x00000000ecd00000)
  from space 29696K, 0% used [0x00000000eed00000,0x00000000eed00000,0x00000000f0a00000)
  to   space 32768K, 0% used [0x00000000ecd00000,0x00000000ecd00000,0x00000000eed00000)
 ParOldGen       total 91648K, used 37461K [0x0000000084400000, 0x0000000089d80000, 0x00000000d6c00000)
  object space 91648K, 40% used [0x0000000084400000,0x00000000868955f0,0x0000000089d80000)
 Metaspace       used 57510K, capacity 58968K, committed 59008K, reserved 1099776K
  class space    used 7493K, capacity 7795K, committed 7808K, reserved 1048576K
}
Event: 1262.761 GC heap before
{Heap before GC invocations=16 (full 3):
 PSYoungGen      total 391168K, used 361472K [0x00000000d6c00000, 0x00000000f5200000, 0x0000000100000000)
  eden space 361472K, 100% used [0x00000000d6c00000,0x00000000ecd00000,0x00000000ecd00000)
  from space 29696K, 0% used [0x00000000eed00000,0x00000000eed00000,0x00000000f0a00000)
  to   space 32768K, 0% used [0x00000000ecd00000,0x00000000ecd00000,0x00000000eed00000)
 ParOldGen       total 91648K, used 37461K [0x0000000084400000, 0x0000000089d80000, 0x00000000d6c00000)
  object space 91648K, 40% used [0x0000000084400000,0x00000000868955f0,0x0000000089d80000)
 Metaspace       used 58943K, capacity 60610K, committed 60800K, reserved 1101824K
  class space    used 7688K, capacity 8023K, committed 8064K, reserved 1048576K
Event: 1262.819 GC heap after
Heap after GC invocations=16 (full 3):
 PSYoungGen      total 379904K, used 32750K [0x00000000d6c00000, 0x00000000f1000000, 0x0000000100000000)
  eden space 347136K, 0% used [0x00000000d6c00000,0x00000000d6c00000,0x00000000ebf00000)
  from space 32768K, 99% used [0x00000000ecd00000,0x00000000eecfbb60,0x00000000eed00000)
  to   space 35840K, 0% used [0x00000000eed00000,0x00000000eed00000,0x00000000f1000000)
 ParOldGen       total 91648K, used 47764K [0x0000000084400000, 0x0000000089d80000, 0x00000000d6c00000)
  object space 91648K, 52% used [0x0000000084400000,0x00000000872a50a8,0x0000000089d80000)
 Metaspace       used 58943K, capacity 60610K, committed 60800K, reserved 1101824K
  class space    used 7688K, capacity 8023K, committed 8064K, reserved 1048576K
}
Event: 1265.689 GC heap before
{Heap before GC invocations=17 (full 3):
 PSYoungGen      total 379904K, used 379886K [0x00000000d6c00000, 0x00000000f1000000, 0x0000000100000000)
  eden space 347136K, 100% used [0x00000000d6c00000,0x00000000ebf00000,0x00000000ebf00000)
  from space 32768K, 99% used [0x00000000ecd00000,0x00000000eecfbb60,0x00000000eed00000)
  to   space 35840K, 0% used [0x00000000eed00000,0x00000000eed00000,0x00000000f1000000)
 ParOldGen       total 91648K, used 47764K [0x0000000084400000, 0x0000000089d80000, 0x00000000d6c00000)
  object space 91648K, 52% used [0x0000000084400000,0x00000000872a50a8,0x0000000089d80000)
 Metaspace       used 59173K, capacity 60882K, committed 61184K, reserved 1101824K
  class space    used 7710K, capacity 8066K, committed 8192K, reserved 1048576K
Event: 1265.742 GC heap after
Heap after GC invocations=17 (full 3):
 PSYoungGen      total 369152K, used 35809K [0x00000000d6c00000, 0x00000000f1280000, 0x0000000100000000)
  eden space 333312K, 0% used [0x00000000d6c00000,0x00000000d6c00000,0x00000000eb180000)
  from space 35840K, 99% used [0x00000000eed00000,0x00000000f0ff84e8,0x00000000f1000000)
  to   space 49664K, 0% used [0x00000000eb180000,0x00000000eb180000,0x00000000ee200000)
 ParOldGen       total 91648K, used 58396K [0x0000000084400000, 0x0000000089d80000, 0x00000000d6c00000)
  object space 91648K, 63% used [0x0000000084400000,0x0000000087d07110,0x0000000089d80000)
 Metaspace       used 59173K, capacity 60882K, committed 61184K, reserved 1101824K
  class space    used 7710K, capacity 8066K, committed 8192K, reserved 1048576K
}

Deoptimization events (10 events):
Event: 91.416 Thread 0x000001ec7c191000 Uncommon trap: reason=unstable_if action=reinterpret pc=0x000001ec643995f4 method=java.io.ExpiringCache.entryFor(Ljava/lang/String;)Ljava/io/ExpiringCache$Entry; @ 39
Event: 1258.536 Thread 0x000001ec7af7a000 Uncommon trap: reason=unstable_if action=reinterpret pc=0x000001ec64773bac method=java.lang.Thread.getContextClassLoader()Ljava/lang/ClassLoader; @ 4
Event: 1258.627 Thread 0x000001ec7c191000 Uncommon trap: reason=unstable_if action=reinterpret pc=0x000001ec63dae89c method=org.apache.catalina.loader.WebappClassLoaderBase.checkStateForResourceLoading(Ljava/lang/String;)V @ 7
Event: 1258.861 Thread 0x000001ec7af7a000 Uncommon trap: reason=unstable_if action=reinterpret pc=0x000001ec6454f49c method=org.apache.catalina.webresources.AbstractSingleArchiveResourceSet.isMultiRelease()Z @ 4
Event: 1265.503 Thread 0x000001ec7af7a000 Uncommon trap: reason=null_check action=make_not_entrant pc=0x000001ec6454b4d0 method=org.apache.tomcat.util.digester.RulesBase.lookup(Ljava/lang/String;Ljava/lang/String;)Ljava/util/List; @ 76
Event: 1266.789 Thread 0x000001ec7af7a000 Uncommon trap: reason=class_check action=maybe_recompile pc=0x000001ec64b748d0 method=java.util.concurrent.ConcurrentMap.computeIfAbsent(Ljava/lang/Object;Ljava/util/function/Function;)Ljava/lang/Object; @ 7
Event: 1266.798 Thread 0x000001ec7af7a000 Uncommon trap: reason=class_check action=maybe_recompile pc=0x000001ec64b748d0 method=java.util.concurrent.ConcurrentMap.computeIfAbsent(Ljava/lang/Object;Ljava/util/function/Function;)Ljava/lang/Object; @ 7
Event: 1266.798 Thread 0x000001ec7af7a000 Uncommon trap: reason=class_check action=maybe_recompile pc=0x000001ec64b748d0 method=java.util.concurrent.ConcurrentMap.computeIfAbsent(Ljava/lang/Object;Ljava/util/function/Function;)Ljava/lang/Object; @ 7
Event: 1266.814 Thread 0x000001ec7af7a000 Uncommon trap: reason=class_check action=maybe_recompile pc=0x000001ec64b748d0 method=java.util.concurrent.ConcurrentMap.computeIfAbsent(Ljava/lang/Object;Ljava/util/function/Function;)Ljava/lang/Object; @ 7
Event: 1269.791 Thread 0x000001ec7af7a000 Uncommon trap: reason=class_check action=maybe_recompile pc=0x000001ec647b3090 method=java.util.regex.Pattern$SliceI.match(Ljava/util/regex/Matcher;ILjava/lang/CharSequence;)Z @ 92

Classes redefined (0 events):
No events

Internal exceptions (10 events):
Event: 1272.484 Thread 0x000001ec7af7a000 Exception <a 'java/io/IOException'> (0x00000000dfd4dd40) thrown at [C:\jenkins\workspace\8-2-build-windows-amd64-cygwin\jdk8u261\295\hotspot\src\share\vm\prims\jni.cpp, line 710]
Event: 1272.484 Thread 0x000001ec7af7a000 Exception <a 'java/io/IOException'> (0x00000000dfd4e370) thrown at [C:\jenkins\workspace\8-2-build-windows-amd64-cygwin\jdk8u261\295\hotspot\src\share\vm\prims\jni.cpp, line 710]
Event: 1272.508 Thread 0x000001ec7af7a000 Exception <a 'java/io/IOException'> (0x00000000dfdceda0) thrown at [C:\jenkins\workspace\8-2-build-windows-amd64-cygwin\jdk8u261\295\hotspot\src\share\vm\prims\jni.cpp, line 710]
Event: 1272.508 Thread 0x000001ec7af7a000 Exception <a 'java/io/IOException'> (0x00000000dfdcf3d0) thrown at [C:\jenkins\workspace\8-2-build-windows-amd64-cygwin\jdk8u261\295\hotspot\src\share\vm\prims\jni.cpp, line 710]
Event: 1272.510 Thread 0x000001ec7af7a000 Exception <a 'java/io/IOException'> (0x00000000dfdd33a8) thrown at [C:\jenkins\workspace\8-2-build-windows-amd64-cygwin\jdk8u261\295\hotspot\src\share\vm\prims\jni.cpp, line 710]
Event: 1272.510 Thread 0x000001ec7af7a000 Exception <a 'java/io/IOException'> (0x00000000dfdd39d8) thrown at [C:\jenkins\workspace\8-2-build-windows-amd64-cygwin\jdk8u261\295\hotspot\src\share\vm\prims\jni.cpp, line 710]
Event: 1272.510 Thread 0x000001ec7af7a000 Exception <a 'java/io/IOException'> (0x00000000dfdd7268) thrown at [C:\jenkins\workspace\8-2-build-windows-amd64-cygwin\jdk8u261\295\hotspot\src\share\vm\prims\jni.cpp, line 710]
Event: 1272.510 Thread 0x000001ec7af7a000 Exception <a 'java/io/IOException'> (0x00000000dfdd7898) thrown at [C:\jenkins\workspace\8-2-build-windows-amd64-cygwin\jdk8u261\295\hotspot\src\share\vm\prims\jni.cpp, line 710]
Event: 1272.537 Thread 0x000001ec7af7a000 Exception <a 'java/io/IOException'> (0x00000000dfe99ff0) thrown at [C:\jenkins\workspace\8-2-build-windows-amd64-cygwin\jdk8u261\295\hotspot\src\share\vm\prims\jni.cpp, line 710]
Event: 1272.537 Thread 0x000001ec7af7a000 Exception <a 'java/io/IOException'> (0x00000000dfe9a808) thrown at [C:\jenkins\workspace\8-2-build-windows-amd64-cygwin\jdk8u261\295\hotspot\src\share\vm\prims\jni.cpp, line 710]

Events (10 events):
Event: 1272.509 Executing VM operation: RevokeBias done
Event: 1272.511 Executing VM operation: RevokeBias
Event: 1272.511 Executing VM operation: RevokeBias done
Event: 1272.511 Executing VM operation: RevokeBias
Event: 1272.511 Executing VM operation: RevokeBias done
Event: 1272.536 loading class org/hibernate/internal/CoreMessageLogger_$logger_en_IN
Event: 1272.536 loading class org/hibernate/internal/CoreMessageLogger_$logger_en_IN done
Event: 1272.537 loading class org/hibernate/internal/CoreMessageLogger_$logger_en
Event: 1272.537 loading class org/hibernate/internal/CoreMessageLogger_$logger_en done
Event: 1272.556 Thread 0x000001ec7a825000 flushing nmethod 0x000001ec63f76690


Dynamic libraries:
0x00007ff7df460000 - 0x00007ff7df4a7000 	C:\Program Files\Java\jdk1.8.0_261\bin\java.exe
0x00007ffd482a0000 - 0x00007ffd48503000 	C:\WINDOWS\SYSTEM32\ntdll.dll
0x00007ffd462c0000 - 0x00007ffd46388000 	C:\WINDOWS\System32\KERNEL32.DLL
0x00007ffd45a90000 - 0x00007ffd45e42000 	C:\WINDOWS\System32\KERNELBASE.dll
0x00007ffd47f20000 - 0x00007ffd47fd4000 	C:\WINDOWS\System32\ADVAPI32.dll
0x00007ffd481b0000 - 0x00007ffd48259000 	C:\WINDOWS\System32\msvcrt.dll
0x00007ffd46210000 - 0x00007ffd462b6000 	C:\WINDOWS\System32\sechost.dll
0x00007ffd47da0000 - 0x00007ffd47eb6000 	C:\WINDOWS\System32\RPCRT4.dll
0x00007ffd47bb0000 - 0x00007ffd47d78000 	C:\WINDOWS\System32\USER32.dll
0x00007ffd460d0000 - 0x00007ffd460f7000 	C:\WINDOWS\System32\win32u.dll
0x00007ffd46bb0000 - 0x00007ffd46bda000 	C:\WINDOWS\System32\GDI32.dll
0x00007ffd45f00000 - 0x00007ffd4602b000 	C:\WINDOWS\System32\gdi32full.dll
0x00007ffd45e50000 - 0x00007ffd45ef3000 	C:\WINDOWS\System32\msvcp_win.dll
0x00007ffd457f0000 - 0x00007ffd4593b000 	C:\WINDOWS\System32\ucrtbase.dll
0x00007ffd29740000 - 0x00007ffd299d0000 	C:\WINDOWS\WinSxS\amd64_microsoft.windows.common-controls_6595b64144ccf1df_6.0.26100.2454_none_3e0b68a2e331ad60\COMCTL32.dll
0x00007ffd478e0000 - 0x00007ffd4790f000 	C:\WINDOWS\System32\IMM32.DLL
0x00007ffd19b70000 - 0x00007ffd19b85000 	C:\Program Files\Java\jdk1.8.0_261\jre\bin\vcruntime140.dll
0x00007ffd13790000 - 0x00007ffd1382b000 	C:\Program Files\Java\jdk1.8.0_261\jre\bin\msvcp140.dll
0x0000000051510000 - 0x0000000051d7c000 	C:\Program Files\Java\jdk1.8.0_261\jre\bin\server\jvm.dll
0x00007ffd46100000 - 0x00007ffd46108000 	C:\WINDOWS\System32\PSAPI.DLL
0x00007ffd3a220000 - 0x00007ffd3a256000 	C:\WINDOWS\SYSTEM32\WINMM.dll
0x00007ffd3dcb0000 - 0x00007ffd3dcbb000 	C:\WINDOWS\SYSTEM32\VERSION.dll
0x00007ffd301b0000 - 0x00007ffd301ba000 	C:\WINDOWS\SYSTEM32\WSOCK32.dll
0x00007ffd46110000 - 0x00007ffd46184000 	C:\WINDOWS\System32\WS2_32.dll
0x00007ffd445c0000 - 0x00007ffd445da000 	C:\WINDOWS\SYSTEM32\kernel.appcore.dll
0x00007ffd3f8e0000 - 0x00007ffd3f8f0000 	C:\Program Files\Java\jdk1.8.0_261\jre\bin\verify.dll
0x00007ffd14330000 - 0x00007ffd1435b000 	C:\Program Files\Java\jdk1.8.0_261\jre\bin\java.dll
0x00007ffd13eb0000 - 0x00007ffd13ee2000 	C:\Program Files\Java\jdk1.8.0_261\jre\bin\instrument.dll
0x00007ffd13770000 - 0x00007ffd13788000 	C:\Program Files\Java\jdk1.8.0_261\jre\bin\zip.dll
0x00007ffd46c90000 - 0x00007ffd47390000 	C:\WINDOWS\System32\SHELL32.dll
0x00007ffd433c0000 - 0x00007ffd43bf1000 	C:\WINDOWS\SYSTEM32\windows.storage.dll
0x00007ffd473a0000 - 0x00007ffd4771e000 	C:\WINDOWS\System32\combase.dll
0x00007ffd47ad0000 - 0x00007ffd47baa000 	C:\WINDOWS\System32\SHCORE.dll
0x00007ffd47ec0000 - 0x00007ffd47f1d000 	C:\WINDOWS\System32\shlwapi.dll
0x00007ffd45580000 - 0x00007ffd455ae000 	C:\WINDOWS\SYSTEM32\profapi.dll
0x00007ffd19a60000 - 0x00007ffd19a7a000 	C:\Program Files\JetBrains\IntelliJ IDEA Community Edition 2023.3.6\New folder\New folder\IntelliJ IDEA Community Edition 2023.3.6\bin\breakgen64.dll
0x00007ffd13750000 - 0x00007ffd1376c000 	C:\Program Files\Java\jdk1.8.0_261\jre\bin\net.dll
0x00007ffd44ac0000 - 0x00007ffd44b28000 	C:\WINDOWS\system32\mswsock.dll
0x00007ffd13730000 - 0x00007ffd13743000 	C:\Program Files\Java\jdk1.8.0_261\jre\bin\nio.dll
0x00007ffd405d0000 - 0x00007ffd405dd000 	C:\Program Files\Java\jdk1.8.0_261\jre\bin\management.dll
0x0000000180000000 - 0x0000000180285000 	D:\apache-tomcat-9.0.38\bin\tcnative-1.dll
0x00007ffd45670000 - 0x00007ffd457e6000 	C:\WINDOWS\System32\CRYPT32.dll
0x00007ffd44d70000 - 0x00007ffd44d8c000 	C:\WINDOWS\SYSTEM32\CRYPTSP.dll
0x00007ffd44520000 - 0x00007ffd44558000 	C:\WINDOWS\system32\rsaenh.dll
0x00007ffd44d60000 - 0x00007ffd44d6c000 	C:\WINDOWS\SYSTEM32\CRYPTBASE.dll
0x00007ffd46030000 - 0x00007ffd460c9000 	C:\WINDOWS\System32\bcryptPrimitives.dll
0x00007ffd405a0000 - 0x00007ffd405c4000 	C:\Program Files\Java\jdk1.8.0_261\jre\bin\sunec.dll
0x00007ffd40590000 - 0x00007ffd4059d000 	C:\Program Files\Java\jdk1.8.0_261\jre\bin\sunmscapi.dll
0x00007ffd44f60000 - 0x00007ffd44f90000 	C:\WINDOWS\SYSTEM32\ncrypt.dll
0x00007ffd44f10000 - 0x00007ffd44f4f000 	C:\WINDOWS\SYSTEM32\NTASN1.dll
0x00007ffd44b60000 - 0x00007ffd44b8b000 	C:\WINDOWS\SYSTEM32\USERENV.dll
0x00007ffd44fa0000 - 0x00007ffd44fc6000 	C:\WINDOWS\SYSTEM32\bcrypt.dll
0x00007ffd43fd0000 - 0x00007ffd44002000 	C:\WINDOWS\SYSTEM32\IPHLPAPI.DLL
0x00007ffd478d0000 - 0x00007ffd478da000 	C:\WINDOWS\System32\NSI.dll
0x00007ffd3f7c0000 - 0x00007ffd3f7de000 	C:\WINDOWS\SYSTEM32\dhcpcsvc6.DLL
0x00007ffd3ef20000 - 0x00007ffd3ef45000 	C:\WINDOWS\SYSTEM32\dhcpcsvc.DLL
0x00007ffd44070000 - 0x00007ffd44195000 	C:\WINDOWS\SYSTEM32\DNSAPI.dll
0x00007ffd1ec50000 - 0x00007ffd1ec68000 	C:\WINDOWS\system32\napinsp.dll
0x00007ffd1da80000 - 0x00007ffd1da92000 	C:\WINDOWS\System32\winrnr.dll
0x00007ffd1da50000 - 0x00007ffd1da72000 	C:\WINDOWS\system32\nlansp_c.dll
0x00007ffd1d9e0000 - 0x00007ffd1d9f6000 	C:\WINDOWS\system32\wshbth.dll
0x00007ffd3f940000 - 0x00007ffd3f94b000 	C:\Windows\System32\rasadhlp.dll
0x00007ffd3f460000 - 0x00007ffd3f4e5000 	C:\WINDOWS\System32\fwpuclnt.dll
0x00007ffd3e350000 - 0x00007ffd3e591000 	C:\WINDOWS\SYSTEM32\dbghelp.dll
0x00007ffd469f0000 - 0x00007ffd46ac6000 	C:\WINDOWS\System32\OLEAUT32.dll

VM Arguments:
jvm_args: -Dcatalina.home=D:\apache-tomcat-9.0.38 -Dcatalina.base=C:\Users\rajen\IdeaProjects\metro-application -Djava.io.tmpdir=C:\Users\rajen\IdeaProjects\metro-application\temp -Djava.util.logging.config.file=C:\Users\rajen\IdeaProjects\metro-application\conf\logging.properties -Djava.util.logging.manager=org.apache.juli.ClassLoaderLogManager -javaagent:C:\Program Files\JetBrains\IntelliJ IDEA Community Edition 2023.3.6\New folder\New folder\IntelliJ IDEA Community Edition 2023.3.6\lib\idea_rt.jar=50363:C:\Program Files\JetBrains\IntelliJ IDEA Community Edition 2023.3.6\New folder\New folder\IntelliJ IDEA Community Edition 2023.3.6\bin -Dfile.encoding=UTF-8 
java_command: org.apache.catalina.startup.Bootstrap start
java_class_path (initial): D:\apache-tomcat-9.0.38\bin\bootstrap.jar;D:\apache-tomcat-9.0.38\bin\tomcat-juli.jar;C:\Program Files\JetBrains\IntelliJ IDEA Community Edition 2023.3.6\New folder\New folder\IntelliJ IDEA Community Edition 2023.3.6\lib\idea_rt.jar
Launcher Type: SUN_STANDARD

Environment Variables:
JAVA_HOME=C:\Program Files\Java\jdk1.8.0_261
PATH=C:\Program Files (x86)\Common Files\Oracle\Java\javapath;C:\Windows\system32;C:\Windows;C:\Windows\System32\Wbem;C:\Windows\System32\WindowsPowerShell\v1.0\;C:\Windows\System32\OpenSSH\;C:\Program Files (x86)\NVIDIA Corporation\PhysX\Common;C:\Program Files\NVIDIA Corporation\NVIDIA NvDLISR;C:\Program Files\Git\cmd;C:\WINDOWS\system32;C:\WINDOWS;C:\WINDOWS\System32\Wbem;C:\WINDOWS\System32\WindowsPowerShell\v1.0\;C:\WINDOWS\System32\OpenSSH\;C:\Program Files\MySQL\MySQL Shell 8.0\bin\;C:\Users\rajen\AppData\Local\Microsoft\WindowsApps;C:\Users\rajen\AppData\Local\Programs\Microsoft VS Code\bin;D:\apache-tomcat-9.0.38\bin;
USERNAME=rajen
OS=Windows_NT
PROCESSOR_IDENTIFIER=Intel64 Family 6 Model 141 Stepping 1, GenuineIntel



---------------  S Y S T E M  ---------------

OS: Windows 10.0 , 64 bit Build 26100 (10.0.26100.2454)

CPU:total 12 (initial active 12) (6 cores per cpu, 2 threads per core) family 6 model 141 stepping 1, cmov, cx8, fxsr, mmx, sse, sse2, sse3, ssse3, sse4.1, sse4.2, popcnt, avx, avx2, aes, clmul, erms, 3dnowpref, lzcnt, ht, tsc, tscinvbit, bmi1, bmi2, adx

Memory: 4k page, physical 8104788k(837568k free), swap 13062940k(472k free)

vm_info: Java HotSpot(TM) 64-Bit Server VM (25.261-b12) for windows-amd64 JRE (1.8.0_261-b12), built on Jun 18 2020 06:56:32 by "" with unknown MS VC++:1916

time: Wed Dec 11 13:25:45 2024
timezone: India Standard Time
elapsed time: 1272 seconds (0d 0h 21m 12s)

