31-Oct-2024 00:16:18.099 INFO [Thread-5] org.apache.coyote.AbstractProtocol.pause Pausing ProtocolHandler ["http-nio-8080"]
31-Oct-2024 00:16:18.242 INFO [Thread-5] org.apache.catalina.core.StandardService.stopInternal Stopping service [Catalina]
31-Oct-2024 00:16:18.267 WARNING [Thread-5] org.apache.catalina.loader.WebappClassLoaderBase.clearReferencesJdbc The web application [metro-application] registered the JDBC driver [com.mysql.cj.jdbc.Driver] but failed to unregister it when the web application was stopped. To prevent a memory leak, the JDBC Driver has been forcibly unregistered.
31-Oct-2024 00:16:18.275 WARNING [Thread-5] org.apache.catalina.loader.WebappClassLoaderBase.clearReferencesThreads The web application [metro-application] appears to have started a thread named [mysql-cj-abandoned-connection-cleanup] but has failed to stop it. This is very likely to create a memory leak. Stack trace of thread:
 java.lang.Object.wait(Native Method)
 java.lang.ref.ReferenceQueue.remove(ReferenceQueue.java:144)
 com.mysql.cj.jdbc.AbandonedConnectionCleanupThread.run(AbandonedConnectionCleanupThread.java:91)
 java.util.concurrent.ThreadPoolExecutor.runWorker(ThreadPoolExecutor.java:1149)
 java.util.concurrent.ThreadPoolExecutor$Worker.run(ThreadPoolExecutor.java:624)
 java.lang.Thread.run(Thread.java:748)
31-Oct-2024 00:16:18.283 INFO [Thread-5] org.apache.coyote.AbstractProtocol.stop Stopping ProtocolHandler ["http-nio-8080"]
31-Oct-2024 00:16:18.348 INFO [Thread-5] org.apache.coyote.AbstractProtocol.destroy Destroying ProtocolHandler ["http-nio-8080"]
31-Oct-2024 11:35:16.747 INFO [main] org.apache.catalina.startup.VersionLoggerListener.log Server version name:   Apache Tomcat/9.0.38
31-Oct-2024 11:35:16.752 INFO [main] org.apache.catalina.startup.VersionLoggerListener.log Server built:          Sep 10 2020 08:20:30 UTC
31-Oct-2024 11:35:16.752 INFO [main] org.apache.catalina.startup.VersionLoggerListener.log Server version number: 9.0.38.0
31-Oct-2024 11:35:16.752 INFO [main] org.apache.catalina.startup.VersionLoggerListener.log OS Name:               Windows 10
31-Oct-2024 11:35:16.752 INFO [main] org.apache.catalina.startup.VersionLoggerListener.log OS Version:            10.0
31-Oct-2024 11:35:16.753 INFO [main] org.apache.catalina.startup.VersionLoggerListener.log Architecture:          amd64
31-Oct-2024 11:35:16.753 INFO [main] org.apache.catalina.startup.VersionLoggerListener.log Java Home:             C:\Program Files\Java\jdk1.8.0_261\jre
31-Oct-2024 11:35:16.753 INFO [main] org.apache.catalina.startup.VersionLoggerListener.log JVM Version:           1.8.0_261-b12
31-Oct-2024 11:35:16.753 INFO [main] org.apache.catalina.startup.VersionLoggerListener.log JVM Vendor:            Oracle Corporation
31-Oct-2024 11:35:16.753 INFO [main] org.apache.catalina.startup.VersionLoggerListener.log CATALINA_BASE:         C:\Users\rajen\IdeaProjects\metro-application
31-Oct-2024 11:35:16.753 INFO [main] org.apache.catalina.startup.VersionLoggerListener.log CATALINA_HOME:         D:\apache-tomcat-9.0.38
31-Oct-2024 11:35:16.759 INFO [main] org.apache.catalina.startup.VersionLoggerListener.log Command line argument: -Dcatalina.home=D:\apache-tomcat-9.0.38
31-Oct-2024 11:35:16.759 INFO [main] org.apache.catalina.startup.VersionLoggerListener.log Command line argument: -Dcatalina.base=C:\Users\rajen\IdeaProjects\metro-application
31-Oct-2024 11:35:16.759 INFO [main] org.apache.catalina.startup.VersionLoggerListener.log Command line argument: -Djava.io.tmpdir=C:\Users\rajen\IdeaProjects\metro-application\temp
31-Oct-2024 11:35:16.759 INFO [main] org.apache.catalina.startup.VersionLoggerListener.log Command line argument: -Djava.util.logging.config.file=C:\Users\rajen\IdeaProjects\metro-application\conf\logging.properties
31-Oct-2024 11:35:16.760 INFO [main] org.apache.catalina.startup.VersionLoggerListener.log Command line argument: -Djava.util.logging.manager=org.apache.juli.ClassLoaderLogManager
31-Oct-2024 11:35:16.760 INFO [main] org.apache.catalina.startup.VersionLoggerListener.log Command line argument: -javaagent:C:\Program Files\JetBrains\IntelliJ IDEA Community Edition 2023.3.6\New folder\New folder\IntelliJ IDEA Community Edition 2023.3.6\lib\idea_rt.jar=54468:C:\Program Files\JetBrains\IntelliJ IDEA Community Edition 2023.3.6\New folder\New folder\IntelliJ IDEA Community Edition 2023.3.6\bin
31-Oct-2024 11:35:16.760 INFO [main] org.apache.catalina.startup.VersionLoggerListener.log Command line argument: -Dfile.encoding=UTF-8
31-Oct-2024 11:35:16.918 INFO [main] org.apache.catalina.core.AprLifecycleListener.lifecycleEvent Loaded Apache Tomcat Native library [1.2.25] using APR version [1.7.0].
31-Oct-2024 11:35:16.918 INFO [main] org.apache.catalina.core.AprLifecycleListener.lifecycleEvent APR capabilities: IPv6 [true], sendfile [true], accept filters [false], random [true].
31-Oct-2024 11:35:16.918 INFO [main] org.apache.catalina.core.AprLifecycleListener.lifecycleEvent APR/OpenSSL configuration: useAprConnector [false], useOpenSSL [true]
31-Oct-2024 11:35:16.926 INFO [main] org.apache.catalina.core.AprLifecycleListener.initializeSSL OpenSSL successfully initialized [OpenSSL 1.1.1g  21 Apr 2020]
31-Oct-2024 11:35:17.664 INFO [main] org.apache.coyote.AbstractProtocol.init Initializing ProtocolHandler ["http-nio-8080"]
31-Oct-2024 11:35:17.938 INFO [main] org.apache.catalina.startup.Catalina.load Server initialization in [1495] milliseconds
31-Oct-2024 11:35:17.970 INFO [main] org.apache.catalina.core.StandardService.startInternal Starting service [Catalina]
31-Oct-2024 11:35:17.970 INFO [main] org.apache.catalina.core.StandardEngine.startInternal Starting Servlet engine: [Apache Tomcat/9.0.38]
31-Oct-2024 11:35:17.982 INFO [main] org.apache.catalina.startup.HostConfig.deployDescriptor Deploying deployment descriptor [C:\Users\rajen\IdeaProjects\metro-application\conf\Catalina\localhost\metro-application.xml]
31-Oct-2024 11:35:26.877 INFO [main] org.apache.jasper.servlet.TldScanner.scanJars At least one JAR was scanned for TLDs yet contained no TLDs. Enable debug logging for this logger for a complete list of JARs that were scanned but no TLDs were found in them. Skipping unneeded JARs during scanning can improve startup time and JSP compilation time.
31-Oct-2024 11:35:40.522 INFO [main] org.apache.catalina.startup.HostConfig.deployDescriptor Deployment of deployment descriptor [C:\Users\rajen\IdeaProjects\metro-application\conf\Catalina\localhost\metro-application.xml] has finished in [22,540] ms
31-Oct-2024 11:35:40.525 INFO [main] org.apache.coyote.AbstractProtocol.start Starting ProtocolHandler ["http-nio-8080"]
31-Oct-2024 11:35:40.535 INFO [main] org.apache.catalina.startup.Catalina.start Server startup in [22596] milliseconds
31-Oct-2024 11:42:49.126 INFO [Thread-5] org.apache.coyote.AbstractProtocol.pause Pausing ProtocolHandler ["http-nio-8080"]
31-Oct-2024 11:42:49.203 INFO [Thread-5] org.apache.catalina.core.StandardService.stopInternal Stopping service [Catalina]
31-Oct-2024 11:42:49.223 WARNING [Thread-5] org.apache.catalina.loader.WebappClassLoaderBase.clearReferencesJdbc The web application [metro-application] registered the JDBC driver [com.mysql.cj.jdbc.Driver] but failed to unregister it when the web application was stopped. To prevent a memory leak, the JDBC Driver has been forcibly unregistered.
31-Oct-2024 11:42:49.225 WARNING [Thread-5] org.apache.catalina.loader.WebappClassLoaderBase.clearReferencesThreads The web application [metro-application] appears to have started a thread named [mysql-cj-abandoned-connection-cleanup] but has failed to stop it. This is very likely to create a memory leak. Stack trace of thread:
 java.lang.Object.wait(Native Method)
 java.lang.ref.ReferenceQueue.remove(ReferenceQueue.java:144)
 com.mysql.cj.jdbc.AbandonedConnectionCleanupThread.run(AbandonedConnectionCleanupThread.java:91)
 java.util.concurrent.ThreadPoolExecutor.runWorker(ThreadPoolExecutor.java:1149)
 java.util.concurrent.ThreadPoolExecutor$Worker.run(ThreadPoolExecutor.java:624)
 java.lang.Thread.run(Thread.java:748)
31-Oct-2024 11:42:49.230 INFO [Thread-5] org.apache.coyote.AbstractProtocol.stop Stopping ProtocolHandler ["http-nio-8080"]
31-Oct-2024 11:42:49.254 INFO [Thread-5] org.apache.coyote.AbstractProtocol.destroy Destroying ProtocolHandler ["http-nio-8080"]
31-Oct-2024 11:44:28.989 INFO [main] org.apache.catalina.startup.VersionLoggerListener.log Server version name:   Apache Tomcat/9.0.38
31-Oct-2024 11:44:28.994 INFO [main] org.apache.catalina.startup.VersionLoggerListener.log Server built:          Sep 10 2020 08:20:30 UTC
31-Oct-2024 11:44:28.994 INFO [main] org.apache.catalina.startup.VersionLoggerListener.log Server version number: 9.0.38.0
31-Oct-2024 11:44:28.994 INFO [main] org.apache.catalina.startup.VersionLoggerListener.log OS Name:               Windows 10
31-Oct-2024 11:44:28.994 INFO [main] org.apache.catalina.startup.VersionLoggerListener.log OS Version:            10.0
31-Oct-2024 11:44:28.994 INFO [main] org.apache.catalina.startup.VersionLoggerListener.log Architecture:          amd64
31-Oct-2024 11:44:28.994 INFO [main] org.apache.catalina.startup.VersionLoggerListener.log Java Home:             C:\Program Files\Java\jdk1.8.0_261\jre
31-Oct-2024 11:44:28.994 INFO [main] org.apache.catalina.startup.VersionLoggerListener.log JVM Version:           1.8.0_261-b12
31-Oct-2024 11:44:28.995 INFO [main] org.apache.catalina.startup.VersionLoggerListener.log JVM Vendor:            Oracle Corporation
31-Oct-2024 11:44:28.995 INFO [main] org.apache.catalina.startup.VersionLoggerListener.log CATALINA_BASE:         C:\Users\rajen\IdeaProjects\metro-application
31-Oct-2024 11:44:28.995 INFO [main] org.apache.catalina.startup.VersionLoggerListener.log CATALINA_HOME:         D:\apache-tomcat-9.0.38
31-Oct-2024 11:44:29.004 INFO [main] org.apache.catalina.startup.VersionLoggerListener.log Command line argument: -Dcatalina.home=D:\apache-tomcat-9.0.38
31-Oct-2024 11:44:29.004 INFO [main] org.apache.catalina.startup.VersionLoggerListener.log Command line argument: -Dcatalina.base=C:\Users\rajen\IdeaProjects\metro-application
31-Oct-2024 11:44:29.005 INFO [main] org.apache.catalina.startup.VersionLoggerListener.log Command line argument: -Djava.io.tmpdir=C:\Users\rajen\IdeaProjects\metro-application\temp
31-Oct-2024 11:44:29.005 INFO [main] org.apache.catalina.startup.VersionLoggerListener.log Command line argument: -Djava.util.logging.config.file=C:\Users\rajen\IdeaProjects\metro-application\conf\logging.properties
31-Oct-2024 11:44:29.005 INFO [main] org.apache.catalina.startup.VersionLoggerListener.log Command line argument: -Djava.util.logging.manager=org.apache.juli.ClassLoaderLogManager
31-Oct-2024 11:44:29.005 INFO [main] org.apache.catalina.startup.VersionLoggerListener.log Command line argument: -javaagent:C:\Program Files\JetBrains\IntelliJ IDEA Community Edition 2023.3.6\New folder\New folder\IntelliJ IDEA Community Edition 2023.3.6\lib\idea_rt.jar=49735:C:\Program Files\JetBrains\IntelliJ IDEA Community Edition 2023.3.6\New folder\New folder\IntelliJ IDEA Community Edition 2023.3.6\bin
31-Oct-2024 11:44:29.005 INFO [main] org.apache.catalina.startup.VersionLoggerListener.log Command line argument: -Dfile.encoding=UTF-8
31-Oct-2024 11:44:29.195 INFO [main] org.apache.catalina.core.AprLifecycleListener.lifecycleEvent Loaded Apache Tomcat Native library [1.2.25] using APR version [1.7.0].
31-Oct-2024 11:44:29.195 INFO [main] org.apache.catalina.core.AprLifecycleListener.lifecycleEvent APR capabilities: IPv6 [true], sendfile [true], accept filters [false], random [true].
31-Oct-2024 11:44:29.196 INFO [main] org.apache.catalina.core.AprLifecycleListener.lifecycleEvent APR/OpenSSL configuration: useAprConnector [false], useOpenSSL [true]
31-Oct-2024 11:44:29.204 INFO [main] org.apache.catalina.core.AprLifecycleListener.initializeSSL OpenSSL successfully initialized [OpenSSL 1.1.1g  21 Apr 2020]
31-Oct-2024 11:44:29.793 INFO [main] org.apache.coyote.AbstractProtocol.init Initializing ProtocolHandler ["http-nio-8080"]
31-Oct-2024 11:44:30.113 INFO [main] org.apache.catalina.startup.Catalina.load Server initialization in [1541] milliseconds
31-Oct-2024 11:44:30.157 INFO [main] org.apache.catalina.core.StandardService.startInternal Starting service [Catalina]
31-Oct-2024 11:44:30.157 INFO [main] org.apache.catalina.core.StandardEngine.startInternal Starting Servlet engine: [Apache Tomcat/9.0.38]
31-Oct-2024 11:44:30.174 INFO [main] org.apache.catalina.startup.HostConfig.deployDescriptor Deploying deployment descriptor [C:\Users\rajen\IdeaProjects\metro-application\conf\Catalina\localhost\metro-application.xml]
31-Oct-2024 11:44:40.620 INFO [main] org.apache.jasper.servlet.TldScanner.scanJars At least one JAR was scanned for TLDs yet contained no TLDs. Enable debug logging for this logger for a complete list of JARs that were scanned but no TLDs were found in them. Skipping unneeded JARs during scanning can improve startup time and JSP compilation time.
31-Oct-2024 11:45:08.043 INFO [main] org.apache.catalina.startup.HostConfig.deployDescriptor Deployment of deployment descriptor [C:\Users\rajen\IdeaProjects\metro-application\conf\Catalina\localhost\metro-application.xml] has finished in [37,868] ms
31-Oct-2024 11:45:08.046 INFO [main] org.apache.coyote.AbstractProtocol.start Starting ProtocolHandler ["http-nio-8080"]
31-Oct-2024 11:45:08.057 INFO [main] org.apache.catalina.startup.Catalina.start Server startup in [37944] milliseconds
