21-Nov-2024 09:54:04.469 INFO [main] org.apache.catalina.startup.VersionLoggerListener.log Server version name:   Apache Tomcat/9.0.38
21-Nov-2024 09:54:04.474 INFO [main] org.apache.catalina.startup.VersionLoggerListener.log Server built:          Sep 10 2020 08:20:30 UTC
21-Nov-2024 09:54:04.474 INFO [main] org.apache.catalina.startup.VersionLoggerListener.log Server version number: 9.0.38.0
21-Nov-2024 09:54:04.474 INFO [main] org.apache.catalina.startup.VersionLoggerListener.log OS Name:               Windows 10
21-Nov-2024 09:54:04.474 INFO [main] org.apache.catalina.startup.VersionLoggerListener.log OS Version:            10.0
21-Nov-2024 09:54:04.474 INFO [main] org.apache.catalina.startup.VersionLoggerListener.log Architecture:          amd64
21-Nov-2024 09:54:04.474 INFO [main] org.apache.catalina.startup.VersionLoggerListener.log Java Home:             C:\Program Files\Java\jdk1.8.0_261\jre
21-Nov-2024 09:54:04.474 INFO [main] org.apache.catalina.startup.VersionLoggerListener.log JVM Version:           1.8.0_261-b12
21-Nov-2024 09:54:04.474 INFO [main] org.apache.catalina.startup.VersionLoggerListener.log JVM Vendor:            Oracle Corporation
21-Nov-2024 09:54:04.474 INFO [main] org.apache.catalina.startup.VersionLoggerListener.log CATALINA_BASE:         C:\Users\rajen\IdeaProjects\metro-application
21-Nov-2024 09:54:04.474 INFO [main] org.apache.catalina.startup.VersionLoggerListener.log CATALINA_HOME:         D:\apache-tomcat-9.0.38
21-Nov-2024 09:54:04.483 INFO [main] org.apache.catalina.startup.VersionLoggerListener.log Command line argument: -Dcatalina.home=D:\apache-tomcat-9.0.38
21-Nov-2024 09:54:04.483 INFO [main] org.apache.catalina.startup.VersionLoggerListener.log Command line argument: -Dcatalina.base=C:\Users\rajen\IdeaProjects\metro-application
21-Nov-2024 09:54:04.483 INFO [main] org.apache.catalina.startup.VersionLoggerListener.log Command line argument: -Djava.io.tmpdir=C:\Users\rajen\IdeaProjects\metro-application\temp
21-Nov-2024 09:54:04.483 INFO [main] org.apache.catalina.startup.VersionLoggerListener.log Command line argument: -Djava.util.logging.config.file=C:\Users\rajen\IdeaProjects\metro-application\conf\logging.properties
21-Nov-2024 09:54:04.483 INFO [main] org.apache.catalina.startup.VersionLoggerListener.log Command line argument: -Djava.util.logging.manager=org.apache.juli.ClassLoaderLogManager
21-Nov-2024 09:54:04.483 INFO [main] org.apache.catalina.startup.VersionLoggerListener.log Command line argument: -javaagent:C:\Program Files\JetBrains\IntelliJ IDEA Community Edition 2023.3.6\New folder\New folder\IntelliJ IDEA Community Edition 2023.3.6\lib\idea_rt.jar=64077:C:\Program Files\JetBrains\IntelliJ IDEA Community Edition 2023.3.6\New folder\New folder\IntelliJ IDEA Community Edition 2023.3.6\bin
21-Nov-2024 09:54:04.483 INFO [main] org.apache.catalina.startup.VersionLoggerListener.log Command line argument: -Dfile.encoding=UTF-8
21-Nov-2024 09:54:04.655 INFO [main] org.apache.catalina.core.AprLifecycleListener.lifecycleEvent Loaded Apache Tomcat Native library [1.2.25] using APR version [1.7.0].
21-Nov-2024 09:54:04.655 INFO [main] org.apache.catalina.core.AprLifecycleListener.lifecycleEvent APR capabilities: IPv6 [true], sendfile [true], accept filters [false], random [true].
21-Nov-2024 09:54:04.655 INFO [main] org.apache.catalina.core.AprLifecycleListener.lifecycleEvent APR/OpenSSL configuration: useAprConnector [false], useOpenSSL [true]
21-Nov-2024 09:54:04.662 INFO [main] org.apache.catalina.core.AprLifecycleListener.initializeSSL OpenSSL successfully initialized [OpenSSL 1.1.1g  21 Apr 2020]
21-Nov-2024 09:54:05.241 INFO [main] org.apache.coyote.AbstractProtocol.init Initializing ProtocolHandler ["http-nio-8080"]
21-Nov-2024 09:54:05.467 INFO [main] org.apache.catalina.startup.Catalina.load Server initialization in [1318] milliseconds
21-Nov-2024 09:54:05.500 INFO [main] org.apache.catalina.core.StandardService.startInternal Starting service [Catalina]
21-Nov-2024 09:54:05.501 INFO [main] org.apache.catalina.core.StandardEngine.startInternal Starting Servlet engine: [Apache Tomcat/9.0.38]
21-Nov-2024 09:54:05.512 INFO [main] org.apache.catalina.startup.HostConfig.deployDescriptor Deploying deployment descriptor [C:\Users\rajen\IdeaProjects\metro-application\conf\Catalina\localhost\metro-application.xml]
21-Nov-2024 09:54:15.476 INFO [main] org.apache.jasper.servlet.TldScanner.scanJars At least one JAR was scanned for TLDs yet contained no TLDs. Enable debug logging for this logger for a complete list of JARs that were scanned but no TLDs were found in them. Skipping unneeded JARs during scanning can improve startup time and JSP compilation time.
21-Nov-2024 09:54:33.874 INFO [main] org.apache.catalina.startup.HostConfig.deployDescriptor Deployment of deployment descriptor [C:\Users\rajen\IdeaProjects\metro-application\conf\Catalina\localhost\metro-application.xml] has finished in [28,361] ms
21-Nov-2024 09:54:33.877 INFO [main] org.apache.coyote.AbstractProtocol.start Starting ProtocolHandler ["http-nio-8080"]
21-Nov-2024 09:54:33.886 INFO [main] org.apache.catalina.startup.Catalina.start Server startup in [28418] milliseconds
21-Nov-2024 09:59:35.178 INFO [Thread-5] org.apache.coyote.AbstractProtocol.pause Pausing ProtocolHandler ["http-nio-8080"]
21-Nov-2024 09:59:35.332 INFO [Thread-5] org.apache.catalina.core.StandardService.stopInternal Stopping service [Catalina]
21-Nov-2024 09:59:35.352 WARNING [Thread-5] org.apache.catalina.loader.WebappClassLoaderBase.clearReferencesJdbc The web application [metro-application] registered the JDBC driver [com.mysql.cj.jdbc.Driver] but failed to unregister it when the web application was stopped. To prevent a memory leak, the JDBC Driver has been forcibly unregistered.
21-Nov-2024 09:59:35.352 WARNING [Thread-5] org.apache.catalina.loader.WebappClassLoaderBase.clearReferencesThreads The web application [metro-application] appears to have started a thread named [mysql-cj-abandoned-connection-cleanup] but has failed to stop it. This is very likely to create a memory leak. Stack trace of thread:
 java.lang.Object.wait(Native Method)
 java.lang.ref.ReferenceQueue.remove(ReferenceQueue.java:144)
 com.mysql.cj.jdbc.AbandonedConnectionCleanupThread.run(AbandonedConnectionCleanupThread.java:91)
 java.util.concurrent.ThreadPoolExecutor.runWorker(ThreadPoolExecutor.java:1149)
 java.util.concurrent.ThreadPoolExecutor$Worker.run(ThreadPoolExecutor.java:624)
 java.lang.Thread.run(Thread.java:748)
21-Nov-2024 09:59:35.363 INFO [Thread-5] org.apache.coyote.AbstractProtocol.stop Stopping ProtocolHandler ["http-nio-8080"]
21-Nov-2024 09:59:35.373 INFO [Thread-5] org.apache.coyote.AbstractProtocol.destroy Destroying ProtocolHandler ["http-nio-8080"]
21-Nov-2024 10:03:16.637 INFO [main] org.apache.catalina.startup.VersionLoggerListener.log Server version name:   Apache Tomcat/9.0.38
21-Nov-2024 10:03:16.641 INFO [main] org.apache.catalina.startup.VersionLoggerListener.log Server built:          Sep 10 2020 08:20:30 UTC
21-Nov-2024 10:03:16.641 INFO [main] org.apache.catalina.startup.VersionLoggerListener.log Server version number: 9.0.38.0
21-Nov-2024 10:03:16.641 INFO [main] org.apache.catalina.startup.VersionLoggerListener.log OS Name:               Windows 10
21-Nov-2024 10:03:16.641 INFO [main] org.apache.catalina.startup.VersionLoggerListener.log OS Version:            10.0
21-Nov-2024 10:03:16.641 INFO [main] org.apache.catalina.startup.VersionLoggerListener.log Architecture:          amd64
21-Nov-2024 10:03:16.641 INFO [main] org.apache.catalina.startup.VersionLoggerListener.log Java Home:             C:\Program Files\Java\jdk1.8.0_261\jre
21-Nov-2024 10:03:16.641 INFO [main] org.apache.catalina.startup.VersionLoggerListener.log JVM Version:           1.8.0_261-b12
21-Nov-2024 10:03:16.641 INFO [main] org.apache.catalina.startup.VersionLoggerListener.log JVM Vendor:            Oracle Corporation
21-Nov-2024 10:03:16.641 INFO [main] org.apache.catalina.startup.VersionLoggerListener.log CATALINA_BASE:         C:\Users\rajen\IdeaProjects\metro-application
21-Nov-2024 10:03:16.641 INFO [main] org.apache.catalina.startup.VersionLoggerListener.log CATALINA_HOME:         D:\apache-tomcat-9.0.38
21-Nov-2024 10:03:16.648 INFO [main] org.apache.catalina.startup.VersionLoggerListener.log Command line argument: -Dcatalina.home=D:\apache-tomcat-9.0.38
21-Nov-2024 10:03:16.648 INFO [main] org.apache.catalina.startup.VersionLoggerListener.log Command line argument: -Dcatalina.base=C:\Users\rajen\IdeaProjects\metro-application
21-Nov-2024 10:03:16.648 INFO [main] org.apache.catalina.startup.VersionLoggerListener.log Command line argument: -Djava.io.tmpdir=C:\Users\rajen\IdeaProjects\metro-application\temp
21-Nov-2024 10:03:16.648 INFO [main] org.apache.catalina.startup.VersionLoggerListener.log Command line argument: -Djava.util.logging.config.file=C:\Users\rajen\IdeaProjects\metro-application\conf\logging.properties
21-Nov-2024 10:03:16.648 INFO [main] org.apache.catalina.startup.VersionLoggerListener.log Command line argument: -Djava.util.logging.manager=org.apache.juli.ClassLoaderLogManager
21-Nov-2024 10:03:16.649 INFO [main] org.apache.catalina.startup.VersionLoggerListener.log Command line argument: -javaagent:C:\Program Files\JetBrains\IntelliJ IDEA Community Edition 2023.3.6\New folder\New folder\IntelliJ IDEA Community Edition 2023.3.6\lib\idea_rt.jar=64425:C:\Program Files\JetBrains\IntelliJ IDEA Community Edition 2023.3.6\New folder\New folder\IntelliJ IDEA Community Edition 2023.3.6\bin
21-Nov-2024 10:03:16.649 INFO [main] org.apache.catalina.startup.VersionLoggerListener.log Command line argument: -Dfile.encoding=UTF-8
21-Nov-2024 10:03:16.652 INFO [main] org.apache.catalina.core.AprLifecycleListener.lifecycleEvent Loaded Apache Tomcat Native library [1.2.25] using APR version [1.7.0].
21-Nov-2024 10:03:16.652 INFO [main] org.apache.catalina.core.AprLifecycleListener.lifecycleEvent APR capabilities: IPv6 [true], sendfile [true], accept filters [false], random [true].
21-Nov-2024 10:03:16.652 INFO [main] org.apache.catalina.core.AprLifecycleListener.lifecycleEvent APR/OpenSSL configuration: useAprConnector [false], useOpenSSL [true]
21-Nov-2024 10:03:16.660 INFO [main] org.apache.catalina.core.AprLifecycleListener.initializeSSL OpenSSL successfully initialized [OpenSSL 1.1.1g  21 Apr 2020]
21-Nov-2024 10:03:17.199 INFO [main] org.apache.coyote.AbstractProtocol.init Initializing ProtocolHandler ["http-nio-8080"]
21-Nov-2024 10:03:17.448 INFO [main] org.apache.catalina.startup.Catalina.load Server initialization in [1088] milliseconds
21-Nov-2024 10:03:17.481 INFO [main] org.apache.catalina.core.StandardService.startInternal Starting service [Catalina]
21-Nov-2024 10:03:17.481 INFO [main] org.apache.catalina.core.StandardEngine.startInternal Starting Servlet engine: [Apache Tomcat/9.0.38]
21-Nov-2024 10:03:17.493 INFO [main] org.apache.catalina.startup.HostConfig.deployDescriptor Deploying deployment descriptor [C:\Users\rajen\IdeaProjects\metro-application\conf\Catalina\localhost\metro-application.xml]
21-Nov-2024 10:03:25.228 INFO [main] org.apache.jasper.servlet.TldScanner.scanJars At least one JAR was scanned for TLDs yet contained no TLDs. Enable debug logging for this logger for a complete list of JARs that were scanned but no TLDs were found in them. Skipping unneeded JARs during scanning can improve startup time and JSP compilation time.
21-Nov-2024 10:03:40.159 INFO [main] org.apache.catalina.startup.HostConfig.deployDescriptor Deployment of deployment descriptor [C:\Users\rajen\IdeaProjects\metro-application\conf\Catalina\localhost\metro-application.xml] has finished in [22,666] ms
21-Nov-2024 10:03:40.162 INFO [main] org.apache.coyote.AbstractProtocol.start Starting ProtocolHandler ["http-nio-8080"]
21-Nov-2024 10:03:40.170 INFO [main] org.apache.catalina.startup.Catalina.start Server startup in [22721] milliseconds
21-Nov-2024 10:09:10.343 INFO [Thread-5] org.apache.coyote.AbstractProtocol.pause Pausing ProtocolHandler ["http-nio-8080"]
21-Nov-2024 10:09:10.620 INFO [Thread-5] org.apache.catalina.core.StandardService.stopInternal Stopping service [Catalina]
21-Nov-2024 10:09:10.640 WARNING [Thread-5] org.apache.catalina.loader.WebappClassLoaderBase.clearReferencesJdbc The web application [metro-application] registered the JDBC driver [com.mysql.cj.jdbc.Driver] but failed to unregister it when the web application was stopped. To prevent a memory leak, the JDBC Driver has been forcibly unregistered.
21-Nov-2024 10:09:10.640 WARNING [Thread-5] org.apache.catalina.loader.WebappClassLoaderBase.clearReferencesThreads The web application [metro-application] appears to have started a thread named [mysql-cj-abandoned-connection-cleanup] but has failed to stop it. This is very likely to create a memory leak. Stack trace of thread:
 java.lang.Object.wait(Native Method)
 java.lang.ref.ReferenceQueue.remove(ReferenceQueue.java:144)
 com.mysql.cj.jdbc.AbandonedConnectionCleanupThread.run(AbandonedConnectionCleanupThread.java:91)
 java.util.concurrent.ThreadPoolExecutor.runWorker(ThreadPoolExecutor.java:1149)
 java.util.concurrent.ThreadPoolExecutor$Worker.run(ThreadPoolExecutor.java:624)
 java.lang.Thread.run(Thread.java:748)
21-Nov-2024 10:09:10.654 INFO [Thread-5] org.apache.coyote.AbstractProtocol.stop Stopping ProtocolHandler ["http-nio-8080"]
21-Nov-2024 10:09:10.667 INFO [Thread-5] org.apache.coyote.AbstractProtocol.destroy Destroying ProtocolHandler ["http-nio-8080"]
21-Nov-2024 10:21:52.128 INFO [main] org.apache.catalina.startup.VersionLoggerListener.log Server version name:   Apache Tomcat/9.0.38
21-Nov-2024 10:21:52.131 INFO [main] org.apache.catalina.startup.VersionLoggerListener.log Server built:          Sep 10 2020 08:20:30 UTC
21-Nov-2024 10:21:52.131 INFO [main] org.apache.catalina.startup.VersionLoggerListener.log Server version number: 9.0.38.0
21-Nov-2024 10:21:52.131 INFO [main] org.apache.catalina.startup.VersionLoggerListener.log OS Name:               Windows 10
21-Nov-2024 10:21:52.132 INFO [main] org.apache.catalina.startup.VersionLoggerListener.log OS Version:            10.0
21-Nov-2024 10:21:52.132 INFO [main] org.apache.catalina.startup.VersionLoggerListener.log Architecture:          amd64
21-Nov-2024 10:21:52.132 INFO [main] org.apache.catalina.startup.VersionLoggerListener.log Java Home:             C:\Program Files\Java\jdk1.8.0_261\jre
21-Nov-2024 10:21:52.132 INFO [main] org.apache.catalina.startup.VersionLoggerListener.log JVM Version:           1.8.0_261-b12
21-Nov-2024 10:21:52.132 INFO [main] org.apache.catalina.startup.VersionLoggerListener.log JVM Vendor:            Oracle Corporation
21-Nov-2024 10:21:52.132 INFO [main] org.apache.catalina.startup.VersionLoggerListener.log CATALINA_BASE:         C:\Users\rajen\IdeaProjects\metro-application
21-Nov-2024 10:21:52.132 INFO [main] org.apache.catalina.startup.VersionLoggerListener.log CATALINA_HOME:         D:\apache-tomcat-9.0.38
21-Nov-2024 10:21:52.141 INFO [main] org.apache.catalina.startup.VersionLoggerListener.log Command line argument: -Dcatalina.home=D:\apache-tomcat-9.0.38
21-Nov-2024 10:21:52.141 INFO [main] org.apache.catalina.startup.VersionLoggerListener.log Command line argument: -Dcatalina.base=C:\Users\rajen\IdeaProjects\metro-application
21-Nov-2024 10:21:52.141 INFO [main] org.apache.catalina.startup.VersionLoggerListener.log Command line argument: -Djava.io.tmpdir=C:\Users\rajen\IdeaProjects\metro-application\temp
21-Nov-2024 10:21:52.142 INFO [main] org.apache.catalina.startup.VersionLoggerListener.log Command line argument: -Djava.util.logging.config.file=C:\Users\rajen\IdeaProjects\metro-application\conf\logging.properties
21-Nov-2024 10:21:52.142 INFO [main] org.apache.catalina.startup.VersionLoggerListener.log Command line argument: -Djava.util.logging.manager=org.apache.juli.ClassLoaderLogManager
21-Nov-2024 10:21:52.142 INFO [main] org.apache.catalina.startup.VersionLoggerListener.log Command line argument: -javaagent:C:\Program Files\JetBrains\IntelliJ IDEA Community Edition 2023.3.6\New folder\New folder\IntelliJ IDEA Community Edition 2023.3.6\lib\idea_rt.jar=64612:C:\Program Files\JetBrains\IntelliJ IDEA Community Edition 2023.3.6\New folder\New folder\IntelliJ IDEA Community Edition 2023.3.6\bin
21-Nov-2024 10:21:52.142 INFO [main] org.apache.catalina.startup.VersionLoggerListener.log Command line argument: -Dfile.encoding=UTF-8
21-Nov-2024 10:21:52.385 INFO [main] org.apache.catalina.core.AprLifecycleListener.lifecycleEvent Loaded Apache Tomcat Native library [1.2.25] using APR version [1.7.0].
21-Nov-2024 10:21:52.386 INFO [main] org.apache.catalina.core.AprLifecycleListener.lifecycleEvent APR capabilities: IPv6 [true], sendfile [true], accept filters [false], random [true].
21-Nov-2024 10:21:52.386 INFO [main] org.apache.catalina.core.AprLifecycleListener.lifecycleEvent APR/OpenSSL configuration: useAprConnector [false], useOpenSSL [true]
21-Nov-2024 10:21:52.393 INFO [main] org.apache.catalina.core.AprLifecycleListener.initializeSSL OpenSSL successfully initialized [OpenSSL 1.1.1g  21 Apr 2020]
21-Nov-2024 10:21:52.938 INFO [main] org.apache.coyote.AbstractProtocol.init Initializing ProtocolHandler ["http-nio-8080"]
21-Nov-2024 10:21:53.187 INFO [main] org.apache.catalina.startup.Catalina.load Server initialization in [1300] milliseconds
21-Nov-2024 10:21:53.214 INFO [main] org.apache.catalina.core.StandardService.startInternal Starting service [Catalina]
21-Nov-2024 10:21:53.215 INFO [main] org.apache.catalina.core.StandardEngine.startInternal Starting Servlet engine: [Apache Tomcat/9.0.38]
21-Nov-2024 10:21:53.224 INFO [main] org.apache.catalina.startup.HostConfig.deployDescriptor Deploying deployment descriptor [C:\Users\rajen\IdeaProjects\metro-application\conf\Catalina\localhost\metro-application.xml]
21-Nov-2024 10:22:01.897 INFO [main] org.apache.jasper.servlet.TldScanner.scanJars At least one JAR was scanned for TLDs yet contained no TLDs. Enable debug logging for this logger for a complete list of JARs that were scanned but no TLDs were found in them. Skipping unneeded JARs during scanning can improve startup time and JSP compilation time.
21-Nov-2024 10:22:18.380 INFO [main] org.apache.catalina.startup.HostConfig.deployDescriptor Deployment of deployment descriptor [C:\Users\rajen\IdeaProjects\metro-application\conf\Catalina\localhost\metro-application.xml] has finished in [25,155] ms
21-Nov-2024 10:22:18.384 INFO [main] org.apache.coyote.AbstractProtocol.start Starting ProtocolHandler ["http-nio-8080"]
21-Nov-2024 10:22:18.393 INFO [main] org.apache.catalina.startup.Catalina.start Server startup in [25205] milliseconds
21-Nov-2024 11:20:16.411 INFO [Thread-5] org.apache.coyote.AbstractProtocol.pause Pausing ProtocolHandler ["http-nio-8080"]
21-Nov-2024 11:20:16.630 INFO [Thread-5] org.apache.catalina.core.StandardService.stopInternal Stopping service [Catalina]
21-Nov-2024 11:20:16.747 WARNING [Thread-5] org.apache.catalina.loader.WebappClassLoaderBase.clearReferencesJdbc The web application [metro-application] registered the JDBC driver [com.mysql.cj.jdbc.Driver] but failed to unregister it when the web application was stopped. To prevent a memory leak, the JDBC Driver has been forcibly unregistered.
21-Nov-2024 11:20:16.748 WARNING [Thread-5] org.apache.catalina.loader.WebappClassLoaderBase.clearReferencesThreads The web application [metro-application] appears to have started a thread named [mysql-cj-abandoned-connection-cleanup] but has failed to stop it. This is very likely to create a memory leak. Stack trace of thread:
 java.lang.Object.wait(Native Method)
 java.lang.ref.ReferenceQueue.remove(ReferenceQueue.java:144)
 com.mysql.cj.jdbc.AbandonedConnectionCleanupThread.run(AbandonedConnectionCleanupThread.java:91)
 java.util.concurrent.ThreadPoolExecutor.runWorker(ThreadPoolExecutor.java:1149)
 java.util.concurrent.ThreadPoolExecutor$Worker.run(ThreadPoolExecutor.java:624)
 java.lang.Thread.run(Thread.java:748)
21-Nov-2024 11:20:16.773 INFO [Thread-5] org.apache.coyote.AbstractProtocol.stop Stopping ProtocolHandler ["http-nio-8080"]
21-Nov-2024 11:20:16.817 INFO [Thread-5] org.apache.coyote.AbstractProtocol.destroy Destroying ProtocolHandler ["http-nio-8080"]
21-Nov-2024 12:34:37.077 INFO [main] org.apache.catalina.startup.VersionLoggerListener.log Server version name:   Apache Tomcat/9.0.38
21-Nov-2024 12:34:37.081 INFO [main] org.apache.catalina.startup.VersionLoggerListener.log Server built:          Sep 10 2020 08:20:30 UTC
21-Nov-2024 12:34:37.081 INFO [main] org.apache.catalina.startup.VersionLoggerListener.log Server version number: 9.0.38.0
21-Nov-2024 12:34:37.081 INFO [main] org.apache.catalina.startup.VersionLoggerListener.log OS Name:               Windows 10
21-Nov-2024 12:34:37.081 INFO [main] org.apache.catalina.startup.VersionLoggerListener.log OS Version:            10.0
21-Nov-2024 12:34:37.081 INFO [main] org.apache.catalina.startup.VersionLoggerListener.log Architecture:          amd64
21-Nov-2024 12:34:37.082 INFO [main] org.apache.catalina.startup.VersionLoggerListener.log Java Home:             C:\Program Files\Java\jdk1.8.0_261\jre
21-Nov-2024 12:34:37.082 INFO [main] org.apache.catalina.startup.VersionLoggerListener.log JVM Version:           1.8.0_261-b12
21-Nov-2024 12:34:37.082 INFO [main] org.apache.catalina.startup.VersionLoggerListener.log JVM Vendor:            Oracle Corporation
21-Nov-2024 12:34:37.082 INFO [main] org.apache.catalina.startup.VersionLoggerListener.log CATALINA_BASE:         C:\Users\rajen\IdeaProjects\metro-application
21-Nov-2024 12:34:37.082 INFO [main] org.apache.catalina.startup.VersionLoggerListener.log CATALINA_HOME:         D:\apache-tomcat-9.0.38
21-Nov-2024 12:34:37.090 INFO [main] org.apache.catalina.startup.VersionLoggerListener.log Command line argument: -Dcatalina.home=D:\apache-tomcat-9.0.38
21-Nov-2024 12:34:37.090 INFO [main] org.apache.catalina.startup.VersionLoggerListener.log Command line argument: -Dcatalina.base=C:\Users\rajen\IdeaProjects\metro-application
21-Nov-2024 12:34:37.090 INFO [main] org.apache.catalina.startup.VersionLoggerListener.log Command line argument: -Djava.io.tmpdir=C:\Users\rajen\IdeaProjects\metro-application\temp
21-Nov-2024 12:34:37.090 INFO [main] org.apache.catalina.startup.VersionLoggerListener.log Command line argument: -Djava.util.logging.config.file=C:\Users\rajen\IdeaProjects\metro-application\conf\logging.properties
21-Nov-2024 12:34:37.090 INFO [main] org.apache.catalina.startup.VersionLoggerListener.log Command line argument: -Djava.util.logging.manager=org.apache.juli.ClassLoaderLogManager
21-Nov-2024 12:34:37.090 INFO [main] org.apache.catalina.startup.VersionLoggerListener.log Command line argument: -javaagent:C:\Program Files\JetBrains\IntelliJ IDEA Community Edition 2023.3.6\New folder\New folder\IntelliJ IDEA Community Edition 2023.3.6\lib\idea_rt.jar=65388:C:\Program Files\JetBrains\IntelliJ IDEA Community Edition 2023.3.6\New folder\New folder\IntelliJ IDEA Community Edition 2023.3.6\bin
21-Nov-2024 12:34:37.090 INFO [main] org.apache.catalina.startup.VersionLoggerListener.log Command line argument: -Dfile.encoding=UTF-8
21-Nov-2024 12:34:37.223 INFO [main] org.apache.catalina.core.AprLifecycleListener.lifecycleEvent Loaded Apache Tomcat Native library [1.2.25] using APR version [1.7.0].
21-Nov-2024 12:34:37.223 INFO [main] org.apache.catalina.core.AprLifecycleListener.lifecycleEvent APR capabilities: IPv6 [true], sendfile [true], accept filters [false], random [true].
21-Nov-2024 12:34:37.223 INFO [main] org.apache.catalina.core.AprLifecycleListener.lifecycleEvent APR/OpenSSL configuration: useAprConnector [false], useOpenSSL [true]
21-Nov-2024 12:34:37.232 INFO [main] org.apache.catalina.core.AprLifecycleListener.initializeSSL OpenSSL successfully initialized [OpenSSL 1.1.1g  21 Apr 2020]
21-Nov-2024 12:34:37.903 INFO [main] org.apache.coyote.AbstractProtocol.init Initializing ProtocolHandler ["http-nio-8080"]
21-Nov-2024 12:34:38.092 INFO [main] org.apache.catalina.startup.Catalina.load Server initialization in [1309] milliseconds
21-Nov-2024 12:34:38.127 INFO [main] org.apache.catalina.core.StandardService.startInternal Starting service [Catalina]
21-Nov-2024 12:34:38.128 INFO [main] org.apache.catalina.core.StandardEngine.startInternal Starting Servlet engine: [Apache Tomcat/9.0.38]
21-Nov-2024 12:34:38.144 INFO [main] org.apache.catalina.startup.HostConfig.deployDescriptor Deploying deployment descriptor [C:\Users\rajen\IdeaProjects\metro-application\conf\Catalina\localhost\metro-application.xml]
21-Nov-2024 12:34:51.854 INFO [main] org.apache.jasper.servlet.TldScanner.scanJars At least one JAR was scanned for TLDs yet contained no TLDs. Enable debug logging for this logger for a complete list of JARs that were scanned but no TLDs were found in them. Skipping unneeded JARs during scanning can improve startup time and JSP compilation time.
21-Nov-2024 12:35:15.303 INFO [main] org.apache.catalina.startup.HostConfig.deployDescriptor Deployment of deployment descriptor [C:\Users\rajen\IdeaProjects\metro-application\conf\Catalina\localhost\metro-application.xml] has finished in [37,156] ms
21-Nov-2024 12:35:15.308 INFO [main] org.apache.coyote.AbstractProtocol.start Starting ProtocolHandler ["http-nio-8080"]
21-Nov-2024 12:35:15.318 INFO [main] org.apache.catalina.startup.Catalina.start Server startup in [37226] milliseconds
21-Nov-2024 14:04:45.947 INFO [Thread-5] org.apache.coyote.AbstractProtocol.pause Pausing ProtocolHandler ["http-nio-8080"]
21-Nov-2024 14:04:46.153 INFO [Thread-5] org.apache.catalina.core.StandardService.stopInternal Stopping service [Catalina]
21-Nov-2024 14:04:46.296 WARNING [Thread-5] org.apache.catalina.loader.WebappClassLoaderBase.clearReferencesJdbc The web application [metro-application] registered the JDBC driver [com.mysql.cj.jdbc.Driver] but failed to unregister it when the web application was stopped. To prevent a memory leak, the JDBC Driver has been forcibly unregistered.
21-Nov-2024 14:04:46.296 WARNING [Thread-5] org.apache.catalina.loader.WebappClassLoaderBase.clearReferencesThreads The web application [metro-application] appears to have started a thread named [mysql-cj-abandoned-connection-cleanup] but has failed to stop it. This is very likely to create a memory leak. Stack trace of thread:
 java.lang.Object.wait(Native Method)
 java.lang.ref.ReferenceQueue.remove(ReferenceQueue.java:144)
 com.mysql.cj.jdbc.AbandonedConnectionCleanupThread.run(AbandonedConnectionCleanupThread.java:91)
 java.util.concurrent.ThreadPoolExecutor.runWorker(ThreadPoolExecutor.java:1149)
 java.util.concurrent.ThreadPoolExecutor$Worker.run(ThreadPoolExecutor.java:624)
 java.lang.Thread.run(Thread.java:748)
21-Nov-2024 14:04:46.336 INFO [Thread-5] org.apache.coyote.AbstractProtocol.stop Stopping ProtocolHandler ["http-nio-8080"]
21-Nov-2024 14:04:46.400 INFO [Thread-5] org.apache.coyote.AbstractProtocol.destroy Destroying ProtocolHandler ["http-nio-8080"]
21-Nov-2024 14:04:51.328 INFO [main] org.apache.catalina.startup.VersionLoggerListener.log Server version name:   Apache Tomcat/9.0.38
21-Nov-2024 14:04:51.331 INFO [main] org.apache.catalina.startup.VersionLoggerListener.log Server built:          Sep 10 2020 08:20:30 UTC
21-Nov-2024 14:04:51.331 INFO [main] org.apache.catalina.startup.VersionLoggerListener.log Server version number: 9.0.38.0
21-Nov-2024 14:04:51.331 INFO [main] org.apache.catalina.startup.VersionLoggerListener.log OS Name:               Windows 10
21-Nov-2024 14:04:51.331 INFO [main] org.apache.catalina.startup.VersionLoggerListener.log OS Version:            10.0
21-Nov-2024 14:04:51.331 INFO [main] org.apache.catalina.startup.VersionLoggerListener.log Architecture:          amd64
21-Nov-2024 14:04:51.331 INFO [main] org.apache.catalina.startup.VersionLoggerListener.log Java Home:             C:\Program Files\Java\jdk1.8.0_261\jre
21-Nov-2024 14:04:51.332 INFO [main] org.apache.catalina.startup.VersionLoggerListener.log JVM Version:           1.8.0_261-b12
21-Nov-2024 14:04:51.332 INFO [main] org.apache.catalina.startup.VersionLoggerListener.log JVM Vendor:            Oracle Corporation
21-Nov-2024 14:04:51.332 INFO [main] org.apache.catalina.startup.VersionLoggerListener.log CATALINA_BASE:         C:\Users\rajen\IdeaProjects\metro-application
21-Nov-2024 14:04:51.332 INFO [main] org.apache.catalina.startup.VersionLoggerListener.log CATALINA_HOME:         D:\apache-tomcat-9.0.38
21-Nov-2024 14:04:51.340 INFO [main] org.apache.catalina.startup.VersionLoggerListener.log Command line argument: -Dcatalina.home=D:\apache-tomcat-9.0.38
21-Nov-2024 14:04:51.340 INFO [main] org.apache.catalina.startup.VersionLoggerListener.log Command line argument: -Dcatalina.base=C:\Users\rajen\IdeaProjects\metro-application
21-Nov-2024 14:04:51.340 INFO [main] org.apache.catalina.startup.VersionLoggerListener.log Command line argument: -Djava.io.tmpdir=C:\Users\rajen\IdeaProjects\metro-application\temp
21-Nov-2024 14:04:51.342 INFO [main] org.apache.catalina.startup.VersionLoggerListener.log Command line argument: -Djava.util.logging.config.file=C:\Users\rajen\IdeaProjects\metro-application\conf\logging.properties
21-Nov-2024 14:04:51.342 INFO [main] org.apache.catalina.startup.VersionLoggerListener.log Command line argument: -Djava.util.logging.manager=org.apache.juli.ClassLoaderLogManager
21-Nov-2024 14:04:51.342 INFO [main] org.apache.catalina.startup.VersionLoggerListener.log Command line argument: -javaagent:C:\Program Files\JetBrains\IntelliJ IDEA Community Edition 2023.3.6\New folder\New folder\IntelliJ IDEA Community Edition 2023.3.6\lib\idea_rt.jar=58266:C:\Program Files\JetBrains\IntelliJ IDEA Community Edition 2023.3.6\New folder\New folder\IntelliJ IDEA Community Edition 2023.3.6\bin
21-Nov-2024 14:04:51.342 INFO [main] org.apache.catalina.startup.VersionLoggerListener.log Command line argument: -Dfile.encoding=UTF-8
21-Nov-2024 14:04:51.347 INFO [main] org.apache.catalina.core.AprLifecycleListener.lifecycleEvent Loaded Apache Tomcat Native library [1.2.25] using APR version [1.7.0].
21-Nov-2024 14:04:51.347 INFO [main] org.apache.catalina.core.AprLifecycleListener.lifecycleEvent APR capabilities: IPv6 [true], sendfile [true], accept filters [false], random [true].
21-Nov-2024 14:04:51.347 INFO [main] org.apache.catalina.core.AprLifecycleListener.lifecycleEvent APR/OpenSSL configuration: useAprConnector [false], useOpenSSL [true]
21-Nov-2024 14:04:51.361 INFO [main] org.apache.catalina.core.AprLifecycleListener.initializeSSL OpenSSL successfully initialized [OpenSSL 1.1.1g  21 Apr 2020]
21-Nov-2024 14:04:51.956 INFO [main] org.apache.coyote.AbstractProtocol.init Initializing ProtocolHandler ["http-nio-8080"]
21-Nov-2024 14:04:52.207 INFO [main] org.apache.catalina.startup.Catalina.load Server initialization in [1190] milliseconds
21-Nov-2024 14:04:52.241 INFO [main] org.apache.catalina.core.StandardService.startInternal Starting service [Catalina]
21-Nov-2024 14:04:52.241 INFO [main] org.apache.catalina.core.StandardEngine.startInternal Starting Servlet engine: [Apache Tomcat/9.0.38]
21-Nov-2024 14:04:52.252 INFO [main] org.apache.catalina.startup.HostConfig.deployDescriptor Deploying deployment descriptor [C:\Users\rajen\IdeaProjects\metro-application\conf\Catalina\localhost\metro-application.xml]
21-Nov-2024 14:05:00.436 INFO [main] org.apache.jasper.servlet.TldScanner.scanJars At least one JAR was scanned for TLDs yet contained no TLDs. Enable debug logging for this logger for a complete list of JARs that were scanned but no TLDs were found in them. Skipping unneeded JARs during scanning can improve startup time and JSP compilation time.
21-Nov-2024 14:05:15.302 INFO [main] org.apache.catalina.startup.HostConfig.deployDescriptor Deployment of deployment descriptor [C:\Users\rajen\IdeaProjects\metro-application\conf\Catalina\localhost\metro-application.xml] has finished in [23,049] ms
21-Nov-2024 14:05:15.306 INFO [main] org.apache.coyote.AbstractProtocol.start Starting ProtocolHandler ["http-nio-8080"]
21-Nov-2024 14:05:15.313 INFO [main] org.apache.catalina.startup.Catalina.start Server startup in [23105] milliseconds
21-Nov-2024 14:08:55.473 INFO [Thread-5] org.apache.coyote.AbstractProtocol.pause Pausing ProtocolHandler ["http-nio-8080"]
21-Nov-2024 14:08:55.651 INFO [Thread-5] org.apache.catalina.core.StandardService.stopInternal Stopping service [Catalina]
21-Nov-2024 14:08:55.670 WARNING [Thread-5] org.apache.catalina.loader.WebappClassLoaderBase.clearReferencesJdbc The web application [metro-application] registered the JDBC driver [com.mysql.cj.jdbc.Driver] but failed to unregister it when the web application was stopped. To prevent a memory leak, the JDBC Driver has been forcibly unregistered.
21-Nov-2024 14:08:55.670 WARNING [Thread-5] org.apache.catalina.loader.WebappClassLoaderBase.clearReferencesThreads The web application [metro-application] appears to have started a thread named [mysql-cj-abandoned-connection-cleanup] but has failed to stop it. This is very likely to create a memory leak. Stack trace of thread:
 java.lang.Object.wait(Native Method)
 java.lang.ref.ReferenceQueue.remove(ReferenceQueue.java:144)
 com.mysql.cj.jdbc.AbandonedConnectionCleanupThread.run(AbandonedConnectionCleanupThread.java:91)
 java.util.concurrent.ThreadPoolExecutor.runWorker(ThreadPoolExecutor.java:1149)
 java.util.concurrent.ThreadPoolExecutor$Worker.run(ThreadPoolExecutor.java:624)
 java.lang.Thread.run(Thread.java:748)
21-Nov-2024 14:08:55.675 INFO [Thread-5] org.apache.coyote.AbstractProtocol.stop Stopping ProtocolHandler ["http-nio-8080"]
21-Nov-2024 14:08:55.699 INFO [Thread-5] org.apache.coyote.AbstractProtocol.destroy Destroying ProtocolHandler ["http-nio-8080"]
21-Nov-2024 14:08:59.621 INFO [main] org.apache.catalina.startup.VersionLoggerListener.log Server version name:   Apache Tomcat/9.0.38
21-Nov-2024 14:08:59.624 INFO [main] org.apache.catalina.startup.VersionLoggerListener.log Server built:          Sep 10 2020 08:20:30 UTC
21-Nov-2024 14:08:59.624 INFO [main] org.apache.catalina.startup.VersionLoggerListener.log Server version number: 9.0.38.0
21-Nov-2024 14:08:59.624 INFO [main] org.apache.catalina.startup.VersionLoggerListener.log OS Name:               Windows 10
21-Nov-2024 14:08:59.624 INFO [main] org.apache.catalina.startup.VersionLoggerListener.log OS Version:            10.0
21-Nov-2024 14:08:59.624 INFO [main] org.apache.catalina.startup.VersionLoggerListener.log Architecture:          amd64
21-Nov-2024 14:08:59.624 INFO [main] org.apache.catalina.startup.VersionLoggerListener.log Java Home:             C:\Program Files\Java\jdk1.8.0_261\jre
21-Nov-2024 14:08:59.624 INFO [main] org.apache.catalina.startup.VersionLoggerListener.log JVM Version:           1.8.0_261-b12
21-Nov-2024 14:08:59.624 INFO [main] org.apache.catalina.startup.VersionLoggerListener.log JVM Vendor:            Oracle Corporation
21-Nov-2024 14:08:59.624 INFO [main] org.apache.catalina.startup.VersionLoggerListener.log CATALINA_BASE:         C:\Users\rajen\IdeaProjects\metro-application
21-Nov-2024 14:08:59.625 INFO [main] org.apache.catalina.startup.VersionLoggerListener.log CATALINA_HOME:         D:\apache-tomcat-9.0.38
21-Nov-2024 14:08:59.627 INFO [main] org.apache.catalina.startup.VersionLoggerListener.log Command line argument: -Dcatalina.home=D:\apache-tomcat-9.0.38
21-Nov-2024 14:08:59.627 INFO [main] org.apache.catalina.startup.VersionLoggerListener.log Command line argument: -Dcatalina.base=C:\Users\rajen\IdeaProjects\metro-application
21-Nov-2024 14:08:59.627 INFO [main] org.apache.catalina.startup.VersionLoggerListener.log Command line argument: -Djava.io.tmpdir=C:\Users\rajen\IdeaProjects\metro-application\temp
21-Nov-2024 14:08:59.627 INFO [main] org.apache.catalina.startup.VersionLoggerListener.log Command line argument: -Djava.util.logging.config.file=C:\Users\rajen\IdeaProjects\metro-application\conf\logging.properties
21-Nov-2024 14:08:59.627 INFO [main] org.apache.catalina.startup.VersionLoggerListener.log Command line argument: -Djava.util.logging.manager=org.apache.juli.ClassLoaderLogManager
21-Nov-2024 14:08:59.627 INFO [main] org.apache.catalina.startup.VersionLoggerListener.log Command line argument: -javaagent:C:\Program Files\JetBrains\IntelliJ IDEA Community Edition 2023.3.6\New folder\New folder\IntelliJ IDEA Community Edition 2023.3.6\lib\idea_rt.jar=58367:C:\Program Files\JetBrains\IntelliJ IDEA Community Edition 2023.3.6\New folder\New folder\IntelliJ IDEA Community Edition 2023.3.6\bin
21-Nov-2024 14:08:59.628 INFO [main] org.apache.catalina.startup.VersionLoggerListener.log Command line argument: -Dfile.encoding=UTF-8
21-Nov-2024 14:08:59.632 INFO [main] org.apache.catalina.core.AprLifecycleListener.lifecycleEvent Loaded Apache Tomcat Native library [1.2.25] using APR version [1.7.0].
21-Nov-2024 14:08:59.632 INFO [main] org.apache.catalina.core.AprLifecycleListener.lifecycleEvent APR capabilities: IPv6 [true], sendfile [true], accept filters [false], random [true].
21-Nov-2024 14:08:59.632 INFO [main] org.apache.catalina.core.AprLifecycleListener.lifecycleEvent APR/OpenSSL configuration: useAprConnector [false], useOpenSSL [true]
21-Nov-2024 14:08:59.641 INFO [main] org.apache.catalina.core.AprLifecycleListener.initializeSSL OpenSSL successfully initialized [OpenSSL 1.1.1g  21 Apr 2020]
21-Nov-2024 14:09:00.050 INFO [main] org.apache.coyote.AbstractProtocol.init Initializing ProtocolHandler ["http-nio-8080"]
21-Nov-2024 14:09:00.319 INFO [main] org.apache.catalina.startup.Catalina.load Server initialization in [891] milliseconds
21-Nov-2024 14:09:00.347 INFO [main] org.apache.catalina.core.StandardService.startInternal Starting service [Catalina]
21-Nov-2024 14:09:00.347 INFO [main] org.apache.catalina.core.StandardEngine.startInternal Starting Servlet engine: [Apache Tomcat/9.0.38]
21-Nov-2024 14:09:00.358 INFO [main] org.apache.catalina.startup.HostConfig.deployDescriptor Deploying deployment descriptor [C:\Users\rajen\IdeaProjects\metro-application\conf\Catalina\localhost\metro-application.xml]
21-Nov-2024 14:09:10.659 INFO [main] org.apache.jasper.servlet.TldScanner.scanJars At least one JAR was scanned for TLDs yet contained no TLDs. Enable debug logging for this logger for a complete list of JARs that were scanned but no TLDs were found in them. Skipping unneeded JARs during scanning can improve startup time and JSP compilation time.
21-Nov-2024 14:09:26.711 INFO [main] org.apache.catalina.startup.HostConfig.deployDescriptor Deployment of deployment descriptor [C:\Users\rajen\IdeaProjects\metro-application\conf\Catalina\localhost\metro-application.xml] has finished in [26,353] ms
21-Nov-2024 14:09:26.719 INFO [main] org.apache.coyote.AbstractProtocol.start Starting ProtocolHandler ["http-nio-8080"]
21-Nov-2024 14:09:26.719 INFO [main] org.apache.catalina.startup.Catalina.start Server startup in [26410] milliseconds
21-Nov-2024 14:23:37.954 INFO [Thread-5] org.apache.coyote.AbstractProtocol.pause Pausing ProtocolHandler ["http-nio-8080"]
21-Nov-2024 14:23:38.131 INFO [Thread-5] org.apache.catalina.core.StandardService.stopInternal Stopping service [Catalina]
21-Nov-2024 14:23:38.155 WARNING [Thread-5] org.apache.catalina.loader.WebappClassLoaderBase.clearReferencesJdbc The web application [metro-application] registered the JDBC driver [com.mysql.cj.jdbc.Driver] but failed to unregister it when the web application was stopped. To prevent a memory leak, the JDBC Driver has been forcibly unregistered.
21-Nov-2024 14:23:38.156 WARNING [Thread-5] org.apache.catalina.loader.WebappClassLoaderBase.clearReferencesThreads The web application [metro-application] appears to have started a thread named [mysql-cj-abandoned-connection-cleanup] but has failed to stop it. This is very likely to create a memory leak. Stack trace of thread:
 java.lang.Object.wait(Native Method)
 java.lang.ref.ReferenceQueue.remove(ReferenceQueue.java:144)
 com.mysql.cj.jdbc.AbandonedConnectionCleanupThread.run(AbandonedConnectionCleanupThread.java:91)
 java.util.concurrent.ThreadPoolExecutor.runWorker(ThreadPoolExecutor.java:1149)
 java.util.concurrent.ThreadPoolExecutor$Worker.run(ThreadPoolExecutor.java:624)
 java.lang.Thread.run(Thread.java:748)
21-Nov-2024 14:23:38.164 INFO [Thread-5] org.apache.coyote.AbstractProtocol.stop Stopping ProtocolHandler ["http-nio-8080"]
21-Nov-2024 14:23:38.194 INFO [Thread-5] org.apache.coyote.AbstractProtocol.destroy Destroying ProtocolHandler ["http-nio-8080"]
21-Nov-2024 14:23:43.729 INFO [main] org.apache.catalina.startup.VersionLoggerListener.log Server version name:   Apache Tomcat/9.0.38
21-Nov-2024 14:23:43.733 INFO [main] org.apache.catalina.startup.VersionLoggerListener.log Server built:          Sep 10 2020 08:20:30 UTC
21-Nov-2024 14:23:43.733 INFO [main] org.apache.catalina.startup.VersionLoggerListener.log Server version number: 9.0.38.0
21-Nov-2024 14:23:43.733 INFO [main] org.apache.catalina.startup.VersionLoggerListener.log OS Name:               Windows 10
21-Nov-2024 14:23:43.733 INFO [main] org.apache.catalina.startup.VersionLoggerListener.log OS Version:            10.0
21-Nov-2024 14:23:43.733 INFO [main] org.apache.catalina.startup.VersionLoggerListener.log Architecture:          amd64
21-Nov-2024 14:23:43.733 INFO [main] org.apache.catalina.startup.VersionLoggerListener.log Java Home:             C:\Program Files\Java\jdk1.8.0_261\jre
21-Nov-2024 14:23:43.733 INFO [main] org.apache.catalina.startup.VersionLoggerListener.log JVM Version:           1.8.0_261-b12
21-Nov-2024 14:23:43.734 INFO [main] org.apache.catalina.startup.VersionLoggerListener.log JVM Vendor:            Oracle Corporation
21-Nov-2024 14:23:43.734 INFO [main] org.apache.catalina.startup.VersionLoggerListener.log CATALINA_BASE:         C:\Users\rajen\IdeaProjects\metro-application
21-Nov-2024 14:23:43.734 INFO [main] org.apache.catalina.startup.VersionLoggerListener.log CATALINA_HOME:         D:\apache-tomcat-9.0.38
21-Nov-2024 14:23:43.735 INFO [main] org.apache.catalina.startup.VersionLoggerListener.log Command line argument: -Dcatalina.home=D:\apache-tomcat-9.0.38
21-Nov-2024 14:23:43.735 INFO [main] org.apache.catalina.startup.VersionLoggerListener.log Command line argument: -Dcatalina.base=C:\Users\rajen\IdeaProjects\metro-application
21-Nov-2024 14:23:43.736 INFO [main] org.apache.catalina.startup.VersionLoggerListener.log Command line argument: -Djava.io.tmpdir=C:\Users\rajen\IdeaProjects\metro-application\temp
21-Nov-2024 14:23:43.736 INFO [main] org.apache.catalina.startup.VersionLoggerListener.log Command line argument: -Djava.util.logging.config.file=C:\Users\rajen\IdeaProjects\metro-application\conf\logging.properties
21-Nov-2024 14:23:43.736 INFO [main] org.apache.catalina.startup.VersionLoggerListener.log Command line argument: -Djava.util.logging.manager=org.apache.juli.ClassLoaderLogManager
21-Nov-2024 14:23:43.736 INFO [main] org.apache.catalina.startup.VersionLoggerListener.log Command line argument: -javaagent:C:\Program Files\JetBrains\IntelliJ IDEA Community Edition 2023.3.6\New folder\New folder\IntelliJ IDEA Community Edition 2023.3.6\lib\idea_rt.jar=58585:C:\Program Files\JetBrains\IntelliJ IDEA Community Edition 2023.3.6\New folder\New folder\IntelliJ IDEA Community Edition 2023.3.6\bin
21-Nov-2024 14:23:43.736 INFO [main] org.apache.catalina.startup.VersionLoggerListener.log Command line argument: -Dfile.encoding=UTF-8
21-Nov-2024 14:23:43.741 INFO [main] org.apache.catalina.core.AprLifecycleListener.lifecycleEvent Loaded Apache Tomcat Native library [1.2.25] using APR version [1.7.0].
21-Nov-2024 14:23:43.741 INFO [main] org.apache.catalina.core.AprLifecycleListener.lifecycleEvent APR capabilities: IPv6 [true], sendfile [true], accept filters [false], random [true].
21-Nov-2024 14:23:43.741 INFO [main] org.apache.catalina.core.AprLifecycleListener.lifecycleEvent APR/OpenSSL configuration: useAprConnector [false], useOpenSSL [true]
21-Nov-2024 14:23:43.749 INFO [main] org.apache.catalina.core.AprLifecycleListener.initializeSSL OpenSSL successfully initialized [OpenSSL 1.1.1g  21 Apr 2020]
21-Nov-2024 14:23:44.162 INFO [main] org.apache.coyote.AbstractProtocol.init Initializing ProtocolHandler ["http-nio-8080"]
21-Nov-2024 14:23:44.432 INFO [main] org.apache.catalina.startup.Catalina.load Server initialization in [901] milliseconds
21-Nov-2024 14:23:44.458 INFO [main] org.apache.catalina.core.StandardService.startInternal Starting service [Catalina]
21-Nov-2024 14:23:44.459 INFO [main] org.apache.catalina.core.StandardEngine.startInternal Starting Servlet engine: [Apache Tomcat/9.0.38]
21-Nov-2024 14:23:44.470 INFO [main] org.apache.catalina.startup.HostConfig.deployDescriptor Deploying deployment descriptor [C:\Users\rajen\IdeaProjects\metro-application\conf\Catalina\localhost\metro-application.xml]
21-Nov-2024 14:23:51.561 INFO [main] org.apache.jasper.servlet.TldScanner.scanJars At least one JAR was scanned for TLDs yet contained no TLDs. Enable debug logging for this logger for a complete list of JARs that were scanned but no TLDs were found in them. Skipping unneeded JARs during scanning can improve startup time and JSP compilation time.
21-Nov-2024 14:24:05.550 INFO [main] org.apache.catalina.startup.HostConfig.deployDescriptor Deployment of deployment descriptor [C:\Users\rajen\IdeaProjects\metro-application\conf\Catalina\localhost\metro-application.xml] has finished in [21,080] ms
21-Nov-2024 14:24:05.550 INFO [main] org.apache.coyote.AbstractProtocol.start Starting ProtocolHandler ["http-nio-8080"]
21-Nov-2024 14:24:05.566 INFO [main] org.apache.catalina.startup.Catalina.start Server startup in [21141] milliseconds
21-Nov-2024 14:26:38.787 INFO [Thread-5] org.apache.coyote.AbstractProtocol.pause Pausing ProtocolHandler ["http-nio-8080"]
21-Nov-2024 14:26:39.083 INFO [Thread-5] org.apache.catalina.core.StandardService.stopInternal Stopping service [Catalina]
21-Nov-2024 14:26:39.115 WARNING [Thread-5] org.apache.catalina.loader.WebappClassLoaderBase.clearReferencesJdbc The web application [metro-application] registered the JDBC driver [com.mysql.cj.jdbc.Driver] but failed to unregister it when the web application was stopped. To prevent a memory leak, the JDBC Driver has been forcibly unregistered.
21-Nov-2024 14:26:39.115 WARNING [Thread-5] org.apache.catalina.loader.WebappClassLoaderBase.clearReferencesThreads The web application [metro-application] appears to have started a thread named [mysql-cj-abandoned-connection-cleanup] but has failed to stop it. This is very likely to create a memory leak. Stack trace of thread:
 java.lang.Object.wait(Native Method)
 java.lang.ref.ReferenceQueue.remove(ReferenceQueue.java:144)
 com.mysql.cj.jdbc.AbandonedConnectionCleanupThread.run(AbandonedConnectionCleanupThread.java:91)
 java.util.concurrent.ThreadPoolExecutor.runWorker(ThreadPoolExecutor.java:1149)
 java.util.concurrent.ThreadPoolExecutor$Worker.run(ThreadPoolExecutor.java:624)
 java.lang.Thread.run(Thread.java:748)
21-Nov-2024 14:26:39.115 INFO [Thread-5] org.apache.coyote.AbstractProtocol.stop Stopping ProtocolHandler ["http-nio-8080"]
21-Nov-2024 14:26:39.147 INFO [Thread-5] org.apache.coyote.AbstractProtocol.destroy Destroying ProtocolHandler ["http-nio-8080"]
21-Nov-2024 17:12:03.594 INFO [main] org.apache.catalina.startup.VersionLoggerListener.log Server version name:   Apache Tomcat/9.0.38
21-Nov-2024 17:12:03.598 INFO [main] org.apache.catalina.startup.VersionLoggerListener.log Server built:          Sep 10 2020 08:20:30 UTC
21-Nov-2024 17:12:03.598 INFO [main] org.apache.catalina.startup.VersionLoggerListener.log Server version number: 9.0.38.0
21-Nov-2024 17:12:03.598 INFO [main] org.apache.catalina.startup.VersionLoggerListener.log OS Name:               Windows 10
21-Nov-2024 17:12:03.598 INFO [main] org.apache.catalina.startup.VersionLoggerListener.log OS Version:            10.0
21-Nov-2024 17:12:03.598 INFO [main] org.apache.catalina.startup.VersionLoggerListener.log Architecture:          amd64
21-Nov-2024 17:12:03.598 INFO [main] org.apache.catalina.startup.VersionLoggerListener.log Java Home:             C:\Program Files\Java\jdk1.8.0_261\jre
21-Nov-2024 17:12:03.598 INFO [main] org.apache.catalina.startup.VersionLoggerListener.log JVM Version:           1.8.0_261-b12
21-Nov-2024 17:12:03.598 INFO [main] org.apache.catalina.startup.VersionLoggerListener.log JVM Vendor:            Oracle Corporation
21-Nov-2024 17:12:03.599 INFO [main] org.apache.catalina.startup.VersionLoggerListener.log CATALINA_BASE:         C:\Users\rajen\IdeaProjects\metro-application
21-Nov-2024 17:12:03.599 INFO [main] org.apache.catalina.startup.VersionLoggerListener.log CATALINA_HOME:         D:\apache-tomcat-9.0.38
21-Nov-2024 17:12:03.607 INFO [main] org.apache.catalina.startup.VersionLoggerListener.log Command line argument: -Dcatalina.home=D:\apache-tomcat-9.0.38
21-Nov-2024 17:12:03.607 INFO [main] org.apache.catalina.startup.VersionLoggerListener.log Command line argument: -Dcatalina.base=C:\Users\rajen\IdeaProjects\metro-application
21-Nov-2024 17:12:03.607 INFO [main] org.apache.catalina.startup.VersionLoggerListener.log Command line argument: -Djava.io.tmpdir=C:\Users\rajen\IdeaProjects\metro-application\temp
21-Nov-2024 17:12:03.607 INFO [main] org.apache.catalina.startup.VersionLoggerListener.log Command line argument: -Djava.util.logging.config.file=C:\Users\rajen\IdeaProjects\metro-application\conf\logging.properties
21-Nov-2024 17:12:03.607 INFO [main] org.apache.catalina.startup.VersionLoggerListener.log Command line argument: -Djava.util.logging.manager=org.apache.juli.ClassLoaderLogManager
21-Nov-2024 17:12:03.607 INFO [main] org.apache.catalina.startup.VersionLoggerListener.log Command line argument: -javaagent:C:\Program Files\JetBrains\IntelliJ IDEA Community Edition 2023.3.6\New folder\New folder\IntelliJ IDEA Community Edition 2023.3.6\lib\idea_rt.jar=52362:C:\Program Files\JetBrains\IntelliJ IDEA Community Edition 2023.3.6\New folder\New folder\IntelliJ IDEA Community Edition 2023.3.6\bin
21-Nov-2024 17:12:03.607 INFO [main] org.apache.catalina.startup.VersionLoggerListener.log Command line argument: -Dfile.encoding=UTF-8
21-Nov-2024 17:12:03.814 INFO [main] org.apache.catalina.core.AprLifecycleListener.lifecycleEvent Loaded Apache Tomcat Native library [1.2.25] using APR version [1.7.0].
21-Nov-2024 17:12:03.814 INFO [main] org.apache.catalina.core.AprLifecycleListener.lifecycleEvent APR capabilities: IPv6 [true], sendfile [true], accept filters [false], random [true].
21-Nov-2024 17:12:03.814 INFO [main] org.apache.catalina.core.AprLifecycleListener.lifecycleEvent APR/OpenSSL configuration: useAprConnector [false], useOpenSSL [true]
21-Nov-2024 17:12:03.824 INFO [main] org.apache.catalina.core.AprLifecycleListener.initializeSSL OpenSSL successfully initialized [OpenSSL 1.1.1g  21 Apr 2020]
21-Nov-2024 17:12:04.560 INFO [main] org.apache.coyote.AbstractProtocol.init Initializing ProtocolHandler ["http-nio-8080"]
21-Nov-2024 17:12:04.911 INFO [main] org.apache.catalina.startup.Catalina.load Server initialization in [1618] milliseconds
21-Nov-2024 17:12:04.937 INFO [main] org.apache.catalina.core.StandardService.startInternal Starting service [Catalina]
21-Nov-2024 17:12:04.937 INFO [main] org.apache.catalina.core.StandardEngine.startInternal Starting Servlet engine: [Apache Tomcat/9.0.38]
21-Nov-2024 17:12:04.949 INFO [main] org.apache.catalina.startup.HostConfig.deployDescriptor Deploying deployment descriptor [C:\Users\rajen\IdeaProjects\metro-application\conf\Catalina\localhost\metro-application.xml]
21-Nov-2024 17:12:13.360 INFO [main] org.apache.jasper.servlet.TldScanner.scanJars At least one JAR was scanned for TLDs yet contained no TLDs. Enable debug logging for this logger for a complete list of JARs that were scanned but no TLDs were found in them. Skipping unneeded JARs during scanning can improve startup time and JSP compilation time.
21-Nov-2024 17:12:30.544 INFO [main] org.apache.catalina.startup.HostConfig.deployDescriptor Deployment of deployment descriptor [C:\Users\rajen\IdeaProjects\metro-application\conf\Catalina\localhost\metro-application.xml] has finished in [25,594] ms
21-Nov-2024 17:12:30.548 INFO [main] org.apache.coyote.AbstractProtocol.start Starting ProtocolHandler ["http-nio-8080"]
21-Nov-2024 17:12:30.557 INFO [main] org.apache.catalina.startup.Catalina.start Server startup in [25647] milliseconds
21-Nov-2024 17:13:57.887 INFO [Thread-5] org.apache.coyote.AbstractProtocol.pause Pausing ProtocolHandler ["http-nio-8080"]
21-Nov-2024 17:13:58.080 INFO [Thread-5] org.apache.catalina.core.StandardService.stopInternal Stopping service [Catalina]
21-Nov-2024 17:13:58.106 WARNING [Thread-5] org.apache.catalina.loader.WebappClassLoaderBase.clearReferencesJdbc The web application [metro-application] registered the JDBC driver [com.mysql.cj.jdbc.Driver] but failed to unregister it when the web application was stopped. To prevent a memory leak, the JDBC Driver has been forcibly unregistered.
21-Nov-2024 17:13:58.107 WARNING [Thread-5] org.apache.catalina.loader.WebappClassLoaderBase.clearReferencesThreads The web application [metro-application] appears to have started a thread named [mysql-cj-abandoned-connection-cleanup] but has failed to stop it. This is very likely to create a memory leak. Stack trace of thread:
 java.lang.Object.wait(Native Method)
 java.lang.ref.ReferenceQueue.remove(ReferenceQueue.java:144)
 com.mysql.cj.jdbc.AbandonedConnectionCleanupThread.run(AbandonedConnectionCleanupThread.java:91)
 java.util.concurrent.ThreadPoolExecutor.runWorker(ThreadPoolExecutor.java:1149)
 java.util.concurrent.ThreadPoolExecutor$Worker.run(ThreadPoolExecutor.java:624)
 java.lang.Thread.run(Thread.java:748)
21-Nov-2024 17:13:58.117 INFO [Thread-5] org.apache.coyote.AbstractProtocol.stop Stopping ProtocolHandler ["http-nio-8080"]
21-Nov-2024 17:13:58.138 INFO [Thread-5] org.apache.coyote.AbstractProtocol.destroy Destroying ProtocolHandler ["http-nio-8080"]
21-Nov-2024 20:09:23.623 INFO [main] org.apache.catalina.startup.VersionLoggerListener.log Server version name:   Apache Tomcat/9.0.38
21-Nov-2024 20:09:23.626 INFO [main] org.apache.catalina.startup.VersionLoggerListener.log Server built:          Sep 10 2020 08:20:30 UTC
21-Nov-2024 20:09:23.626 INFO [main] org.apache.catalina.startup.VersionLoggerListener.log Server version number: 9.0.38.0
21-Nov-2024 20:09:23.626 INFO [main] org.apache.catalina.startup.VersionLoggerListener.log OS Name:               Windows 10
21-Nov-2024 20:09:23.626 INFO [main] org.apache.catalina.startup.VersionLoggerListener.log OS Version:            10.0
21-Nov-2024 20:09:23.626 INFO [main] org.apache.catalina.startup.VersionLoggerListener.log Architecture:          amd64
21-Nov-2024 20:09:23.626 INFO [main] org.apache.catalina.startup.VersionLoggerListener.log Java Home:             C:\Program Files\Java\jdk1.8.0_261\jre
21-Nov-2024 20:09:23.626 INFO [main] org.apache.catalina.startup.VersionLoggerListener.log JVM Version:           1.8.0_261-b12
21-Nov-2024 20:09:23.626 INFO [main] org.apache.catalina.startup.VersionLoggerListener.log JVM Vendor:            Oracle Corporation
21-Nov-2024 20:09:23.626 INFO [main] org.apache.catalina.startup.VersionLoggerListener.log CATALINA_BASE:         C:\Users\rajen\IdeaProjects\metro-application
21-Nov-2024 20:09:23.627 INFO [main] org.apache.catalina.startup.VersionLoggerListener.log CATALINA_HOME:         D:\apache-tomcat-9.0.38
21-Nov-2024 20:09:23.632 INFO [main] org.apache.catalina.startup.VersionLoggerListener.log Command line argument: -Dcatalina.home=D:\apache-tomcat-9.0.38
21-Nov-2024 20:09:23.632 INFO [main] org.apache.catalina.startup.VersionLoggerListener.log Command line argument: -Dcatalina.base=C:\Users\rajen\IdeaProjects\metro-application
21-Nov-2024 20:09:23.632 INFO [main] org.apache.catalina.startup.VersionLoggerListener.log Command line argument: -Djava.io.tmpdir=C:\Users\rajen\IdeaProjects\metro-application\temp
21-Nov-2024 20:09:23.633 INFO [main] org.apache.catalina.startup.VersionLoggerListener.log Command line argument: -Djava.util.logging.config.file=C:\Users\rajen\IdeaProjects\metro-application\conf\logging.properties
21-Nov-2024 20:09:23.633 INFO [main] org.apache.catalina.startup.VersionLoggerListener.log Command line argument: -Djava.util.logging.manager=org.apache.juli.ClassLoaderLogManager
21-Nov-2024 20:09:23.633 INFO [main] org.apache.catalina.startup.VersionLoggerListener.log Command line argument: -javaagent:C:\Program Files\JetBrains\IntelliJ IDEA Community Edition 2023.3.6\New folder\New folder\IntelliJ IDEA Community Edition 2023.3.6\lib\idea_rt.jar=52844:C:\Program Files\JetBrains\IntelliJ IDEA Community Edition 2023.3.6\New folder\New folder\IntelliJ IDEA Community Edition 2023.3.6\bin
21-Nov-2024 20:09:23.633 INFO [main] org.apache.catalina.startup.VersionLoggerListener.log Command line argument: -Dfile.encoding=UTF-8
21-Nov-2024 20:09:23.638 INFO [main] org.apache.catalina.core.AprLifecycleListener.lifecycleEvent Loaded Apache Tomcat Native library [1.2.25] using APR version [1.7.0].
21-Nov-2024 20:09:23.638 INFO [main] org.apache.catalina.core.AprLifecycleListener.lifecycleEvent APR capabilities: IPv6 [true], sendfile [true], accept filters [false], random [true].
21-Nov-2024 20:09:23.638 INFO [main] org.apache.catalina.core.AprLifecycleListener.lifecycleEvent APR/OpenSSL configuration: useAprConnector [false], useOpenSSL [true]
21-Nov-2024 20:09:23.652 INFO [main] org.apache.catalina.core.AprLifecycleListener.initializeSSL OpenSSL successfully initialized [OpenSSL 1.1.1g  21 Apr 2020]
21-Nov-2024 20:09:24.019 INFO [main] org.apache.coyote.AbstractProtocol.init Initializing ProtocolHandler ["http-nio-8080"]
21-Nov-2024 20:09:24.187 INFO [main] org.apache.catalina.startup.Catalina.load Server initialization in [750] milliseconds
21-Nov-2024 20:09:24.205 INFO [main] org.apache.catalina.core.StandardService.startInternal Starting service [Catalina]
21-Nov-2024 20:09:24.205 INFO [main] org.apache.catalina.core.StandardEngine.startInternal Starting Servlet engine: [Apache Tomcat/9.0.38]
21-Nov-2024 20:09:24.212 INFO [main] org.apache.catalina.startup.HostConfig.deployDescriptor Deploying deployment descriptor [C:\Users\rajen\IdeaProjects\metro-application\conf\Catalina\localhost\metro-application.xml]
21-Nov-2024 20:09:29.140 INFO [main] org.apache.jasper.servlet.TldScanner.scanJars At least one JAR was scanned for TLDs yet contained no TLDs. Enable debug logging for this logger for a complete list of JARs that were scanned but no TLDs were found in them. Skipping unneeded JARs during scanning can improve startup time and JSP compilation time.
21-Nov-2024 20:09:38.922 INFO [main] org.apache.catalina.startup.HostConfig.deployDescriptor Deployment of deployment descriptor [C:\Users\rajen\IdeaProjects\metro-application\conf\Catalina\localhost\metro-application.xml] has finished in [14,709] ms
21-Nov-2024 20:09:38.926 INFO [main] org.apache.coyote.AbstractProtocol.start Starting ProtocolHandler ["http-nio-8080"]
21-Nov-2024 20:09:38.931 INFO [main] org.apache.catalina.startup.Catalina.start Server startup in [14745] milliseconds
21-Nov-2024 21:11:58.360 INFO [Thread-5] org.apache.coyote.AbstractProtocol.pause Pausing ProtocolHandler ["http-nio-8080"]
21-Nov-2024 21:11:58.511 INFO [Thread-5] org.apache.catalina.core.StandardService.stopInternal Stopping service [Catalina]
21-Nov-2024 21:11:58.636 WARNING [Thread-5] org.apache.catalina.loader.WebappClassLoaderBase.clearReferencesJdbc The web application [metro-application] registered the JDBC driver [com.mysql.cj.jdbc.Driver] but failed to unregister it when the web application was stopped. To prevent a memory leak, the JDBC Driver has been forcibly unregistered.
21-Nov-2024 21:11:58.637 WARNING [Thread-5] org.apache.catalina.loader.WebappClassLoaderBase.clearReferencesThreads The web application [metro-application] appears to have started a thread named [mysql-cj-abandoned-connection-cleanup] but has failed to stop it. This is very likely to create a memory leak. Stack trace of thread:
 java.lang.Object.wait(Native Method)
 java.lang.ref.ReferenceQueue.remove(ReferenceQueue.java:144)
 com.mysql.cj.jdbc.AbandonedConnectionCleanupThread.run(AbandonedConnectionCleanupThread.java:91)
 java.util.concurrent.ThreadPoolExecutor.runWorker(ThreadPoolExecutor.java:1149)
 java.util.concurrent.ThreadPoolExecutor$Worker.run(ThreadPoolExecutor.java:624)
 java.lang.Thread.run(Thread.java:748)
21-Nov-2024 21:11:58.664 INFO [Thread-5] org.apache.coyote.AbstractProtocol.stop Stopping ProtocolHandler ["http-nio-8080"]
21-Nov-2024 21:11:58.688 INFO [Thread-5] org.apache.coyote.AbstractProtocol.destroy Destroying ProtocolHandler ["http-nio-8080"]
