15-Sep-2024 19:34:14.271 INFO [main] org.apache.catalina.startup.VersionLoggerListener.log Server version name:   Apache Tomcat/9.0.38
15-Sep-2024 19:34:14.273 INFO [main] org.apache.catalina.startup.VersionLoggerListener.log Server built:          Sep 10 2020 08:20:30 UTC
15-Sep-2024 19:34:14.273 INFO [main] org.apache.catalina.startup.VersionLoggerListener.log Server version number: 9.0.38.0
15-Sep-2024 19:34:14.273 INFO [main] org.apache.catalina.startup.VersionLoggerListener.log OS Name:               Windows 10
15-Sep-2024 19:34:14.273 INFO [main] org.apache.catalina.startup.VersionLoggerListener.log OS Version:            10.0
15-Sep-2024 19:34:14.273 INFO [main] org.apache.catalina.startup.VersionLoggerListener.log Architecture:          amd64
15-Sep-2024 19:34:14.273 INFO [main] org.apache.catalina.startup.VersionLoggerListener.log Java Home:             C:\Program Files\Java\jdk1.8.0_261\jre
15-Sep-2024 19:34:14.274 INFO [main] org.apache.catalina.startup.VersionLoggerListener.log JVM Version:           1.8.0_261-b12
15-Sep-2024 19:34:14.274 INFO [main] org.apache.catalina.startup.VersionLoggerListener.log JVM Vendor:            Oracle Corporation
15-Sep-2024 19:34:14.274 INFO [main] org.apache.catalina.startup.VersionLoggerListener.log CATALINA_BASE:         C:\Users\rajen\IdeaProjects\metro-application
15-Sep-2024 19:34:14.274 INFO [main] org.apache.catalina.startup.VersionLoggerListener.log CATALINA_HOME:         D:\apache-tomcat-9.0.38
15-Sep-2024 19:34:14.276 INFO [main] org.apache.catalina.startup.VersionLoggerListener.log Command line argument: -Dcatalina.home=D:\apache-tomcat-9.0.38
15-Sep-2024 19:34:14.276 INFO [main] org.apache.catalina.startup.VersionLoggerListener.log Command line argument: -Dcatalina.base=C:\Users\rajen\IdeaProjects\metro-application
15-Sep-2024 19:34:14.276 INFO [main] org.apache.catalina.startup.VersionLoggerListener.log Command line argument: -Djava.io.tmpdir=C:\Users\rajen\IdeaProjects\metro-application\temp
15-Sep-2024 19:34:14.277 INFO [main] org.apache.catalina.startup.VersionLoggerListener.log Command line argument: -Djava.util.logging.config.file=C:\Users\rajen\IdeaProjects\metro-application\conf\logging.properties
15-Sep-2024 19:34:14.277 INFO [main] org.apache.catalina.startup.VersionLoggerListener.log Command line argument: -Djava.util.logging.manager=org.apache.juli.ClassLoaderLogManager
15-Sep-2024 19:34:14.277 INFO [main] org.apache.catalina.startup.VersionLoggerListener.log Command line argument: -javaagent:C:\Program Files\JetBrains\IntelliJ IDEA Community Edition 2023.3.6\New folder\New folder\IntelliJ IDEA Community Edition 2023.3.6\lib\idea_rt.jar=58070:C:\Program Files\JetBrains\IntelliJ IDEA Community Edition 2023.3.6\New folder\New folder\IntelliJ IDEA Community Edition 2023.3.6\bin
15-Sep-2024 19:34:14.277 INFO [main] org.apache.catalina.startup.VersionLoggerListener.log Command line argument: -Dfile.encoding=UTF-8
15-Sep-2024 19:34:14.373 INFO [main] org.apache.catalina.core.AprLifecycleListener.lifecycleEvent Loaded Apache Tomcat Native library [1.2.25] using APR version [1.7.0].
15-Sep-2024 19:34:14.373 INFO [main] org.apache.catalina.core.AprLifecycleListener.lifecycleEvent APR capabilities: IPv6 [true], sendfile [true], accept filters [false], random [true].
15-Sep-2024 19:34:14.373 INFO [main] org.apache.catalina.core.AprLifecycleListener.lifecycleEvent APR/OpenSSL configuration: useAprConnector [false], useOpenSSL [true]
15-Sep-2024 19:34:14.379 INFO [main] org.apache.catalina.core.AprLifecycleListener.initializeSSL OpenSSL successfully initialized [OpenSSL 1.1.1g  21 Apr 2020]
15-Sep-2024 19:34:14.788 INFO [main] org.apache.coyote.AbstractProtocol.init Initializing ProtocolHandler ["http-nio-8080"]
15-Sep-2024 19:34:14.918 INFO [main] org.apache.catalina.startup.Catalina.load Server initialization in [859] milliseconds
15-Sep-2024 19:34:14.943 INFO [main] org.apache.catalina.core.StandardService.startInternal Starting service [Catalina]
15-Sep-2024 19:34:14.943 INFO [main] org.apache.catalina.core.StandardEngine.startInternal Starting Servlet engine: [Apache Tomcat/9.0.38]
15-Sep-2024 19:34:14.955 INFO [main] org.apache.catalina.startup.HostConfig.deployDescriptor Deploying deployment descriptor [C:\Users\rajen\IdeaProjects\metro-application\conf\Catalina\localhost\metro-application.xml]
15-Sep-2024 19:34:21.007 INFO [main] org.apache.jasper.servlet.TldScanner.scanJars At least one JAR was scanned for TLDs yet contained no TLDs. Enable debug logging for this logger for a complete list of JARs that were scanned but no TLDs were found in them. Skipping unneeded JARs during scanning can improve startup time and JSP compilation time.
15-Sep-2024 19:34:21.347 INFO [main] org.springframework.web.servlet.FrameworkServlet.initServletBean Initializing Servlet 'dispatcher'
15-Sep-2024 19:34:23.277 INFO [main] org.hibernate.jpa.internal.util.LogHelper.logPersistenceUnitInformation HHH000204: Processing PersistenceUnitInfo [name: Hello]
15-Sep-2024 19:34:23.676 INFO [main] org.hibernate.Version.logVersion HHH000412: Hibernate ORM core version 5.6.10.Final
15-Sep-2024 19:34:24.810 INFO [main] org.hibernate.annotations.common.reflection.java.JavaReflectionManager.<clinit> HCANN000001: Hibernate Commons Annotations {5.1.2.Final}
15-Sep-2024 19:34:25.776 WARN [main] org.hibernate.engine.jdbc.connections.internal.DriverManagerConnectionProviderImpl.configure HHH10001002: Using Hibernate built-in connection pool (not for production use!)
15-Sep-2024 19:34:25.796 INFO [main] org.hibernate.engine.jdbc.connections.internal.DriverManagerConnectionProviderImpl.buildCreator HHH10001005: using driver [com.mysql.cj.jdbc.Driver] at URL [jdbc:mysql://localhost:3306/METRO]
15-Sep-2024 19:34:25.797 INFO [main] org.hibernate.engine.jdbc.connections.internal.DriverManagerConnectionProviderImpl.buildCreator HHH10001001: Connection properties: {user=root, password=****}
15-Sep-2024 19:34:25.797 INFO [main] org.hibernate.engine.jdbc.connections.internal.DriverManagerConnectionProviderImpl.buildCreator HHH10001003: Autocommit mode: false
15-Sep-2024 19:34:25.815 INFO [main] org.hibernate.engine.jdbc.connections.internal.DriverManagerConnectionProviderImpl$PooledConnections.<init> HHH000115: Hibernate connection pool size: 20 (min=1)
15-Sep-2024 19:34:27.083 INFO [main] org.hibernate.dialect.Dialect.<init> HHH000400: Using dialect: org.hibernate.dialect.MySQL8Dialect
15-Sep-2024 19:34:28.715 INFO [main] org.hibernate.validator.internal.util.Version.<clinit> HV000001: Hibernate Validator 6.2.0.Final
15-Sep-2024 19:34:31.735 INFO [main] org.hibernate.engine.transaction.jta.platform.internal.JtaPlatformInitiator.initiateService HHH000490: Using JtaPlatform implementation: [org.hibernate.engine.transaction.jta.platform.internal.NoJtaPlatform]
15-Sep-2024 19:34:32.315 INFO [main] org.springframework.orm.jpa.AbstractEntityManagerFactoryBean.buildNativeEntityManagerFactory Initialized JPA EntityManagerFactory for persistence unit 'Hello'
15-Sep-2024 19:34:33.748 INFO [main] org.springframework.web.servlet.FrameworkServlet.initServletBean Completed initialization in 12401 ms
15-Sep-2024 19:34:33.771 INFO [main] org.apache.catalina.startup.HostConfig.deployDescriptor Deployment of deployment descriptor [C:\Users\rajen\IdeaProjects\metro-application\conf\Catalina\localhost\metro-application.xml] has finished in [18,814] ms
15-Sep-2024 19:34:33.774 INFO [main] org.apache.coyote.AbstractProtocol.start Starting ProtocolHandler ["http-nio-8080"]
15-Sep-2024 19:34:33.784 INFO [main] org.apache.catalina.startup.Catalina.start Server startup in [18866] milliseconds
15-Sep-2024 19:37:45.657 INFO [Thread-5] org.apache.coyote.AbstractProtocol.pause Pausing ProtocolHandler ["http-nio-8080"]
15-Sep-2024 19:37:45.767 INFO [Thread-5] org.apache.catalina.core.StandardService.stopInternal Stopping service [Catalina]
15-Sep-2024 19:37:45.767 INFO [Thread-5] org.springframework.orm.jpa.AbstractEntityManagerFactoryBean.destroy Closing JPA EntityManagerFactory for persistence unit 'Hello'
15-Sep-2024 19:37:45.767 INFO [Thread-5] org.hibernate.engine.jdbc.connections.internal.DriverManagerConnectionProviderImpl$PoolState.stop HHH10001008: Cleaning up connection pool [jdbc:mysql://localhost:3306/METRO]
15-Sep-2024 19:37:45.783 WARNING [Thread-5] org.apache.catalina.loader.WebappClassLoaderBase.clearReferencesJdbc The web application [metro-application] registered the JDBC driver [com.mysql.cj.jdbc.Driver] but failed to unregister it when the web application was stopped. To prevent a memory leak, the JDBC Driver has been forcibly unregistered.
15-Sep-2024 19:37:45.783 WARNING [Thread-5] org.apache.catalina.loader.WebappClassLoaderBase.clearReferencesThreads The web application [metro-application] appears to have started a thread named [mysql-cj-abandoned-connection-cleanup] but has failed to stop it. This is very likely to create a memory leak. Stack trace of thread:
 java.lang.Object.wait(Native Method)
 java.lang.ref.ReferenceQueue.remove(ReferenceQueue.java:144)
 com.mysql.cj.jdbc.AbandonedConnectionCleanupThread.run(AbandonedConnectionCleanupThread.java:91)
 java.util.concurrent.ThreadPoolExecutor.runWorker(ThreadPoolExecutor.java:1149)
 java.util.concurrent.ThreadPoolExecutor$Worker.run(ThreadPoolExecutor.java:624)
 java.lang.Thread.run(Thread.java:748)
15-Sep-2024 19:37:45.783 INFO [Thread-5] org.apache.coyote.AbstractProtocol.stop Stopping ProtocolHandler ["http-nio-8080"]
15-Sep-2024 19:37:45.814 INFO [Thread-5] org.apache.coyote.AbstractProtocol.destroy Destroying ProtocolHandler ["http-nio-8080"]
