12-Oct-2024 17:51:41.980 INFO [main] org.apache.catalina.startup.VersionLoggerListener.log Server version name:   Apache Tomcat/9.0.38
12-Oct-2024 17:51:41.982 INFO [main] org.apache.catalina.startup.VersionLoggerListener.log Server built:          Sep 10 2020 08:20:30 UTC
12-Oct-2024 17:51:41.982 INFO [main] org.apache.catalina.startup.VersionLoggerListener.log Server version number: 9.0.38.0
12-Oct-2024 17:51:41.983 INFO [main] org.apache.catalina.startup.VersionLoggerListener.log OS Name:               Windows 10
12-Oct-2024 17:51:41.983 INFO [main] org.apache.catalina.startup.VersionLoggerListener.log OS Version:            10.0
12-Oct-2024 17:51:41.983 INFO [main] org.apache.catalina.startup.VersionLoggerListener.log Architecture:          amd64
12-Oct-2024 17:51:41.983 INFO [main] org.apache.catalina.startup.VersionLoggerListener.log Java Home:             C:\Program Files\Java\jdk1.8.0_261\jre
12-Oct-2024 17:51:41.983 INFO [main] org.apache.catalina.startup.VersionLoggerListener.log JVM Version:           1.8.0_261-b12
12-Oct-2024 17:51:41.983 INFO [main] org.apache.catalina.startup.VersionLoggerListener.log JVM Vendor:            Oracle Corporation
12-Oct-2024 17:51:41.983 INFO [main] org.apache.catalina.startup.VersionLoggerListener.log CATALINA_BASE:         C:\Users\rajen\IdeaProjects\metro-application
12-Oct-2024 17:51:41.983 INFO [main] org.apache.catalina.startup.VersionLoggerListener.log CATALINA_HOME:         D:\apache-tomcat-9.0.38
12-Oct-2024 17:51:41.988 INFO [main] org.apache.catalina.startup.VersionLoggerListener.log Command line argument: -Dcatalina.home=D:\apache-tomcat-9.0.38
12-Oct-2024 17:51:41.988 INFO [main] org.apache.catalina.startup.VersionLoggerListener.log Command line argument: -Dcatalina.base=C:\Users\rajen\IdeaProjects\metro-application
12-Oct-2024 17:51:41.988 INFO [main] org.apache.catalina.startup.VersionLoggerListener.log Command line argument: -Djava.io.tmpdir=C:\Users\rajen\IdeaProjects\metro-application\temp
12-Oct-2024 17:51:41.988 INFO [main] org.apache.catalina.startup.VersionLoggerListener.log Command line argument: -Djava.util.logging.config.file=C:\Users\rajen\IdeaProjects\metro-application\conf\logging.properties
12-Oct-2024 17:51:41.988 INFO [main] org.apache.catalina.startup.VersionLoggerListener.log Command line argument: -Djava.util.logging.manager=org.apache.juli.ClassLoaderLogManager
12-Oct-2024 17:51:41.988 INFO [main] org.apache.catalina.startup.VersionLoggerListener.log Command line argument: -javaagent:C:\Program Files\JetBrains\IntelliJ IDEA Community Edition 2023.3.6\New folder\New folder\IntelliJ IDEA Community Edition 2023.3.6\lib\idea_rt.jar=52898:C:\Program Files\JetBrains\IntelliJ IDEA Community Edition 2023.3.6\New folder\New folder\IntelliJ IDEA Community Edition 2023.3.6\bin
12-Oct-2024 17:51:41.988 INFO [main] org.apache.catalina.startup.VersionLoggerListener.log Command line argument: -Dfile.encoding=UTF-8
12-Oct-2024 17:51:42.173 INFO [main] org.apache.catalina.core.AprLifecycleListener.lifecycleEvent Loaded Apache Tomcat Native library [1.2.25] using APR version [1.7.0].
12-Oct-2024 17:51:42.173 INFO [main] org.apache.catalina.core.AprLifecycleListener.lifecycleEvent APR capabilities: IPv6 [true], sendfile [true], accept filters [false], random [true].
12-Oct-2024 17:51:42.173 INFO [main] org.apache.catalina.core.AprLifecycleListener.lifecycleEvent APR/OpenSSL configuration: useAprConnector [false], useOpenSSL [true]
12-Oct-2024 17:51:42.177 INFO [main] org.apache.catalina.core.AprLifecycleListener.initializeSSL OpenSSL successfully initialized [OpenSSL 1.1.1g  21 Apr 2020]
12-Oct-2024 17:51:42.513 INFO [main] org.apache.coyote.AbstractProtocol.init Initializing ProtocolHandler ["http-nio-8080"]
12-Oct-2024 17:51:42.628 INFO [main] org.apache.catalina.startup.Catalina.load Server initialization in [935] milliseconds
12-Oct-2024 17:51:42.649 INFO [main] org.apache.catalina.core.StandardService.startInternal Starting service [Catalina]
12-Oct-2024 17:51:42.649 INFO [main] org.apache.catalina.core.StandardEngine.startInternal Starting Servlet engine: [Apache Tomcat/9.0.38]
12-Oct-2024 17:51:42.657 INFO [main] org.apache.catalina.startup.HostConfig.deployDescriptor Deploying deployment descriptor [C:\Users\rajen\IdeaProjects\metro-application\conf\Catalina\localhost\metro-application.xml]
12-Oct-2024 17:51:48.194 INFO [main] org.apache.jasper.servlet.TldScanner.scanJars At least one JAR was scanned for TLDs yet contained no TLDs. Enable debug logging for this logger for a complete list of JARs that were scanned but no TLDs were found in them. Skipping unneeded JARs during scanning can improve startup time and JSP compilation time.
12-Oct-2024 17:51:57.132 INFO [main] org.apache.catalina.startup.HostConfig.deployDescriptor Deployment of deployment descriptor [C:\Users\rajen\IdeaProjects\metro-application\conf\Catalina\localhost\metro-application.xml] has finished in [14,475] ms
12-Oct-2024 17:51:57.135 INFO [main] org.apache.coyote.AbstractProtocol.start Starting ProtocolHandler ["http-nio-8080"]
12-Oct-2024 17:51:57.141 INFO [main] org.apache.catalina.startup.Catalina.start Server startup in [14512] milliseconds
12-Oct-2024 17:52:48.313 INFO [Thread-5] org.apache.coyote.AbstractProtocol.pause Pausing ProtocolHandler ["http-nio-8080"]
12-Oct-2024 17:52:48.407 INFO [Thread-5] org.apache.catalina.core.StandardService.stopInternal Stopping service [Catalina]
12-Oct-2024 17:52:48.421 WARNING [Thread-5] org.apache.catalina.loader.WebappClassLoaderBase.clearReferencesJdbc The web application [metro-application] registered the JDBC driver [com.mysql.cj.jdbc.Driver] but failed to unregister it when the web application was stopped. To prevent a memory leak, the JDBC Driver has been forcibly unregistered.
12-Oct-2024 17:52:48.421 WARNING [Thread-5] org.apache.catalina.loader.WebappClassLoaderBase.clearReferencesThreads The web application [metro-application] appears to have started a thread named [mysql-cj-abandoned-connection-cleanup] but has failed to stop it. This is very likely to create a memory leak. Stack trace of thread:
 java.lang.Object.wait(Native Method)
 java.lang.ref.ReferenceQueue.remove(ReferenceQueue.java:144)
 com.mysql.cj.jdbc.AbandonedConnectionCleanupThread.run(AbandonedConnectionCleanupThread.java:91)
 java.util.concurrent.ThreadPoolExecutor.runWorker(ThreadPoolExecutor.java:1149)
 java.util.concurrent.ThreadPoolExecutor$Worker.run(ThreadPoolExecutor.java:624)
 java.lang.Thread.run(Thread.java:748)
12-Oct-2024 17:52:48.427 INFO [Thread-5] org.apache.coyote.AbstractProtocol.stop Stopping ProtocolHandler ["http-nio-8080"]
12-Oct-2024 17:52:48.457 INFO [Thread-5] org.apache.coyote.AbstractProtocol.destroy Destroying ProtocolHandler ["http-nio-8080"]
12-Oct-2024 17:57:33.772 INFO [main] org.apache.catalina.startup.VersionLoggerListener.log Server version name:   Apache Tomcat/9.0.38
12-Oct-2024 17:57:33.774 INFO [main] org.apache.catalina.startup.VersionLoggerListener.log Server built:          Sep 10 2020 08:20:30 UTC
12-Oct-2024 17:57:33.775 INFO [main] org.apache.catalina.startup.VersionLoggerListener.log Server version number: 9.0.38.0
12-Oct-2024 17:57:33.775 INFO [main] org.apache.catalina.startup.VersionLoggerListener.log OS Name:               Windows 10
12-Oct-2024 17:57:33.775 INFO [main] org.apache.catalina.startup.VersionLoggerListener.log OS Version:            10.0
12-Oct-2024 17:57:33.775 INFO [main] org.apache.catalina.startup.VersionLoggerListener.log Architecture:          amd64
12-Oct-2024 17:57:33.775 INFO [main] org.apache.catalina.startup.VersionLoggerListener.log Java Home:             C:\Program Files\Java\jdk1.8.0_261\jre
12-Oct-2024 17:57:33.775 INFO [main] org.apache.catalina.startup.VersionLoggerListener.log JVM Version:           1.8.0_261-b12
12-Oct-2024 17:57:33.775 INFO [main] org.apache.catalina.startup.VersionLoggerListener.log JVM Vendor:            Oracle Corporation
12-Oct-2024 17:57:33.775 INFO [main] org.apache.catalina.startup.VersionLoggerListener.log CATALINA_BASE:         C:\Users\rajen\IdeaProjects\metro-application
12-Oct-2024 17:57:33.775 INFO [main] org.apache.catalina.startup.VersionLoggerListener.log CATALINA_HOME:         D:\apache-tomcat-9.0.38
12-Oct-2024 17:57:33.777 INFO [main] org.apache.catalina.startup.VersionLoggerListener.log Command line argument: -Dcatalina.home=D:\apache-tomcat-9.0.38
12-Oct-2024 17:57:33.777 INFO [main] org.apache.catalina.startup.VersionLoggerListener.log Command line argument: -Dcatalina.base=C:\Users\rajen\IdeaProjects\metro-application
12-Oct-2024 17:57:33.777 INFO [main] org.apache.catalina.startup.VersionLoggerListener.log Command line argument: -Djava.io.tmpdir=C:\Users\rajen\IdeaProjects\metro-application\temp
12-Oct-2024 17:57:33.777 INFO [main] org.apache.catalina.startup.VersionLoggerListener.log Command line argument: -Djava.util.logging.config.file=C:\Users\rajen\IdeaProjects\metro-application\conf\logging.properties
12-Oct-2024 17:57:33.778 INFO [main] org.apache.catalina.startup.VersionLoggerListener.log Command line argument: -Djava.util.logging.manager=org.apache.juli.ClassLoaderLogManager
12-Oct-2024 17:57:33.778 INFO [main] org.apache.catalina.startup.VersionLoggerListener.log Command line argument: -javaagent:C:\Program Files\JetBrains\IntelliJ IDEA Community Edition 2023.3.6\New folder\New folder\IntelliJ IDEA Community Edition 2023.3.6\lib\idea_rt.jar=52979:C:\Program Files\JetBrains\IntelliJ IDEA Community Edition 2023.3.6\New folder\New folder\IntelliJ IDEA Community Edition 2023.3.6\bin
12-Oct-2024 17:57:33.778 INFO [main] org.apache.catalina.startup.VersionLoggerListener.log Command line argument: -Dfile.encoding=UTF-8
12-Oct-2024 17:57:33.782 INFO [main] org.apache.catalina.core.AprLifecycleListener.lifecycleEvent Loaded Apache Tomcat Native library [1.2.25] using APR version [1.7.0].
12-Oct-2024 17:57:33.782 INFO [main] org.apache.catalina.core.AprLifecycleListener.lifecycleEvent APR capabilities: IPv6 [true], sendfile [true], accept filters [false], random [true].
12-Oct-2024 17:57:33.782 INFO [main] org.apache.catalina.core.AprLifecycleListener.lifecycleEvent APR/OpenSSL configuration: useAprConnector [false], useOpenSSL [true]
12-Oct-2024 17:57:33.797 INFO [main] org.apache.catalina.core.AprLifecycleListener.initializeSSL OpenSSL successfully initialized [OpenSSL 1.1.1g  21 Apr 2020]
12-Oct-2024 17:57:34.181 INFO [main] org.apache.coyote.AbstractProtocol.init Initializing ProtocolHandler ["http-nio-8080"]
12-Oct-2024 17:57:34.391 INFO [main] org.apache.catalina.startup.Catalina.load Server initialization in [776] milliseconds
12-Oct-2024 17:57:34.424 INFO [main] org.apache.catalina.core.StandardService.startInternal Starting service [Catalina]
12-Oct-2024 17:57:34.424 INFO [main] org.apache.catalina.core.StandardEngine.startInternal Starting Servlet engine: [Apache Tomcat/9.0.38]
12-Oct-2024 17:57:34.437 INFO [main] org.apache.catalina.startup.HostConfig.deployDescriptor Deploying deployment descriptor [C:\Users\rajen\IdeaProjects\metro-application\conf\Catalina\localhost\metro-application.xml]
12-Oct-2024 17:57:39.321 INFO [main] org.apache.jasper.servlet.TldScanner.scanJars At least one JAR was scanned for TLDs yet contained no TLDs. Enable debug logging for this logger for a complete list of JARs that were scanned but no TLDs were found in them. Skipping unneeded JARs during scanning can improve startup time and JSP compilation time.
12-Oct-2024 17:57:47.680 INFO [main] org.apache.catalina.startup.HostConfig.deployDescriptor Deployment of deployment descriptor [C:\Users\rajen\IdeaProjects\metro-application\conf\Catalina\localhost\metro-application.xml] has finished in [13,242] ms
12-Oct-2024 17:57:47.682 INFO [main] org.apache.coyote.AbstractProtocol.start Starting ProtocolHandler ["http-nio-8080"]
12-Oct-2024 17:57:47.688 INFO [main] org.apache.catalina.startup.Catalina.start Server startup in [13296] milliseconds
12-Oct-2024 18:44:52.058 INFO [Thread-5] org.apache.coyote.AbstractProtocol.pause Pausing ProtocolHandler ["http-nio-8080"]
12-Oct-2024 18:44:52.163 INFO [Thread-5] org.apache.catalina.core.StandardService.stopInternal Stopping service [Catalina]
12-Oct-2024 18:44:52.298 WARNING [Thread-5] org.apache.catalina.loader.WebappClassLoaderBase.clearReferencesJdbc The web application [metro-application] registered the JDBC driver [com.mysql.cj.jdbc.Driver] but failed to unregister it when the web application was stopped. To prevent a memory leak, the JDBC Driver has been forcibly unregistered.
12-Oct-2024 18:44:52.298 WARNING [Thread-5] org.apache.catalina.loader.WebappClassLoaderBase.clearReferencesThreads The web application [metro-application] appears to have started a thread named [mysql-cj-abandoned-connection-cleanup] but has failed to stop it. This is very likely to create a memory leak. Stack trace of thread:
 java.lang.Object.wait(Native Method)
 java.lang.ref.ReferenceQueue.remove(ReferenceQueue.java:144)
 com.mysql.cj.jdbc.AbandonedConnectionCleanupThread.run(AbandonedConnectionCleanupThread.java:91)
 java.util.concurrent.ThreadPoolExecutor.runWorker(ThreadPoolExecutor.java:1149)
 java.util.concurrent.ThreadPoolExecutor$Worker.run(ThreadPoolExecutor.java:624)
 java.lang.Thread.run(Thread.java:748)
12-Oct-2024 18:44:52.342 INFO [Thread-5] org.apache.coyote.AbstractProtocol.stop Stopping ProtocolHandler ["http-nio-8080"]
12-Oct-2024 18:44:52.405 INFO [Thread-5] org.apache.coyote.AbstractProtocol.destroy Destroying ProtocolHandler ["http-nio-8080"]
12-Oct-2024 18:48:26.164 INFO [main] org.apache.catalina.startup.VersionLoggerListener.log Server version name:   Apache Tomcat/9.0.38
12-Oct-2024 18:48:26.166 INFO [main] org.apache.catalina.startup.VersionLoggerListener.log Server built:          Sep 10 2020 08:20:30 UTC
12-Oct-2024 18:48:26.166 INFO [main] org.apache.catalina.startup.VersionLoggerListener.log Server version number: 9.0.38.0
12-Oct-2024 18:48:26.166 INFO [main] org.apache.catalina.startup.VersionLoggerListener.log OS Name:               Windows 10
12-Oct-2024 18:48:26.166 INFO [main] org.apache.catalina.startup.VersionLoggerListener.log OS Version:            10.0
12-Oct-2024 18:48:26.166 INFO [main] org.apache.catalina.startup.VersionLoggerListener.log Architecture:          amd64
12-Oct-2024 18:48:26.166 INFO [main] org.apache.catalina.startup.VersionLoggerListener.log Java Home:             C:\Program Files\Java\jdk1.8.0_261\jre
12-Oct-2024 18:48:26.166 INFO [main] org.apache.catalina.startup.VersionLoggerListener.log JVM Version:           1.8.0_261-b12
12-Oct-2024 18:48:26.166 INFO [main] org.apache.catalina.startup.VersionLoggerListener.log JVM Vendor:            Oracle Corporation
12-Oct-2024 18:48:26.166 INFO [main] org.apache.catalina.startup.VersionLoggerListener.log CATALINA_BASE:         C:\Users\rajen\IdeaProjects\metro-application
12-Oct-2024 18:48:26.166 INFO [main] org.apache.catalina.startup.VersionLoggerListener.log CATALINA_HOME:         D:\apache-tomcat-9.0.38
12-Oct-2024 18:48:26.169 INFO [main] org.apache.catalina.startup.VersionLoggerListener.log Command line argument: -Dcatalina.home=D:\apache-tomcat-9.0.38
12-Oct-2024 18:48:26.169 INFO [main] org.apache.catalina.startup.VersionLoggerListener.log Command line argument: -Dcatalina.base=C:\Users\rajen\IdeaProjects\metro-application
12-Oct-2024 18:48:26.169 INFO [main] org.apache.catalina.startup.VersionLoggerListener.log Command line argument: -Djava.io.tmpdir=C:\Users\rajen\IdeaProjects\metro-application\temp
12-Oct-2024 18:48:26.169 INFO [main] org.apache.catalina.startup.VersionLoggerListener.log Command line argument: -Djava.util.logging.config.file=C:\Users\rajen\IdeaProjects\metro-application\conf\logging.properties
12-Oct-2024 18:48:26.169 INFO [main] org.apache.catalina.startup.VersionLoggerListener.log Command line argument: -Djava.util.logging.manager=org.apache.juli.ClassLoaderLogManager
12-Oct-2024 18:48:26.169 INFO [main] org.apache.catalina.startup.VersionLoggerListener.log Command line argument: -javaagent:C:\Program Files\JetBrains\IntelliJ IDEA Community Edition 2023.3.6\New folder\New folder\IntelliJ IDEA Community Edition 2023.3.6\lib\idea_rt.jar=53438:C:\Program Files\JetBrains\IntelliJ IDEA Community Edition 2023.3.6\New folder\New folder\IntelliJ IDEA Community Edition 2023.3.6\bin
12-Oct-2024 18:48:26.169 INFO [main] org.apache.catalina.startup.VersionLoggerListener.log Command line argument: -Dfile.encoding=UTF-8
12-Oct-2024 18:48:26.222 INFO [main] org.apache.catalina.core.AprLifecycleListener.lifecycleEvent Loaded Apache Tomcat Native library [1.2.25] using APR version [1.7.0].
12-Oct-2024 18:48:26.222 INFO [main] org.apache.catalina.core.AprLifecycleListener.lifecycleEvent APR capabilities: IPv6 [true], sendfile [true], accept filters [false], random [true].
12-Oct-2024 18:48:26.222 INFO [main] org.apache.catalina.core.AprLifecycleListener.lifecycleEvent APR/OpenSSL configuration: useAprConnector [false], useOpenSSL [true]
12-Oct-2024 18:48:26.226 INFO [main] org.apache.catalina.core.AprLifecycleListener.initializeSSL OpenSSL successfully initialized [OpenSSL 1.1.1g  21 Apr 2020]
12-Oct-2024 18:48:26.518 INFO [main] org.apache.coyote.AbstractProtocol.init Initializing ProtocolHandler ["http-nio-8080"]
12-Oct-2024 18:48:26.634 INFO [main] org.apache.catalina.startup.Catalina.load Server initialization in [596] milliseconds
12-Oct-2024 18:48:26.653 INFO [main] org.apache.catalina.core.StandardService.startInternal Starting service [Catalina]
12-Oct-2024 18:48:26.653 INFO [main] org.apache.catalina.core.StandardEngine.startInternal Starting Servlet engine: [Apache Tomcat/9.0.38]
12-Oct-2024 18:48:26.659 INFO [main] org.apache.catalina.startup.HostConfig.deployDescriptor Deploying deployment descriptor [C:\Users\rajen\IdeaProjects\metro-application\conf\Catalina\localhost\metro-application.xml]
12-Oct-2024 18:48:31.219 INFO [main] org.apache.jasper.servlet.TldScanner.scanJars At least one JAR was scanned for TLDs yet contained no TLDs. Enable debug logging for this logger for a complete list of JARs that were scanned but no TLDs were found in them. Skipping unneeded JARs during scanning can improve startup time and JSP compilation time.
12-Oct-2024 18:48:39.605 INFO [main] org.apache.catalina.startup.HostConfig.deployDescriptor Deployment of deployment descriptor [C:\Users\rajen\IdeaProjects\metro-application\conf\Catalina\localhost\metro-application.xml] has finished in [12,945] ms
12-Oct-2024 18:48:39.607 INFO [main] org.apache.coyote.AbstractProtocol.start Starting ProtocolHandler ["http-nio-8080"]
12-Oct-2024 18:48:39.613 INFO [main] org.apache.catalina.startup.Catalina.start Server startup in [12978] milliseconds
12-Oct-2024 19:27:01.913 INFO [Thread-5] org.apache.coyote.AbstractProtocol.pause Pausing ProtocolHandler ["http-nio-8080"]
12-Oct-2024 19:27:02.008 INFO [Thread-5] org.apache.catalina.core.StandardService.stopInternal Stopping service [Catalina]
12-Oct-2024 19:27:02.056 WARNING [Thread-5] org.apache.catalina.loader.WebappClassLoaderBase.clearReferencesJdbc The web application [metro-application] registered the JDBC driver [com.mysql.cj.jdbc.Driver] but failed to unregister it when the web application was stopped. To prevent a memory leak, the JDBC Driver has been forcibly unregistered.
12-Oct-2024 19:27:02.056 WARNING [Thread-5] org.apache.catalina.loader.WebappClassLoaderBase.clearReferencesThreads The web application [metro-application] appears to have started a thread named [mysql-cj-abandoned-connection-cleanup] but has failed to stop it. This is very likely to create a memory leak. Stack trace of thread:
 java.lang.Object.wait(Native Method)
 java.lang.ref.ReferenceQueue.remove(ReferenceQueue.java:144)
 com.mysql.cj.jdbc.AbandonedConnectionCleanupThread.run(AbandonedConnectionCleanupThread.java:91)
 java.util.concurrent.ThreadPoolExecutor.runWorker(ThreadPoolExecutor.java:1149)
 java.util.concurrent.ThreadPoolExecutor$Worker.run(ThreadPoolExecutor.java:624)
 java.lang.Thread.run(Thread.java:748)
12-Oct-2024 19:27:02.072 INFO [Thread-5] org.apache.coyote.AbstractProtocol.stop Stopping ProtocolHandler ["http-nio-8080"]
12-Oct-2024 19:27:02.120 INFO [Thread-5] org.apache.coyote.AbstractProtocol.destroy Destroying ProtocolHandler ["http-nio-8080"]
12-Oct-2024 19:30:23.728 INFO [main] org.apache.catalina.startup.VersionLoggerListener.log Server version name:   Apache Tomcat/9.0.38
12-Oct-2024 19:30:23.730 INFO [main] org.apache.catalina.startup.VersionLoggerListener.log Server built:          Sep 10 2020 08:20:30 UTC
12-Oct-2024 19:30:23.730 INFO [main] org.apache.catalina.startup.VersionLoggerListener.log Server version number: 9.0.38.0
12-Oct-2024 19:30:23.730 INFO [main] org.apache.catalina.startup.VersionLoggerListener.log OS Name:               Windows 10
12-Oct-2024 19:30:23.730 INFO [main] org.apache.catalina.startup.VersionLoggerListener.log OS Version:            10.0
12-Oct-2024 19:30:23.730 INFO [main] org.apache.catalina.startup.VersionLoggerListener.log Architecture:          amd64
12-Oct-2024 19:30:23.730 INFO [main] org.apache.catalina.startup.VersionLoggerListener.log Java Home:             C:\Program Files\Java\jdk1.8.0_261\jre
12-Oct-2024 19:30:23.730 INFO [main] org.apache.catalina.startup.VersionLoggerListener.log JVM Version:           1.8.0_261-b12
12-Oct-2024 19:30:23.730 INFO [main] org.apache.catalina.startup.VersionLoggerListener.log JVM Vendor:            Oracle Corporation
12-Oct-2024 19:30:23.730 INFO [main] org.apache.catalina.startup.VersionLoggerListener.log CATALINA_BASE:         C:\Users\rajen\IdeaProjects\metro-application
12-Oct-2024 19:30:23.730 INFO [main] org.apache.catalina.startup.VersionLoggerListener.log CATALINA_HOME:         D:\apache-tomcat-9.0.38
12-Oct-2024 19:30:23.732 INFO [main] org.apache.catalina.startup.VersionLoggerListener.log Command line argument: -Dcatalina.home=D:\apache-tomcat-9.0.38
12-Oct-2024 19:30:23.732 INFO [main] org.apache.catalina.startup.VersionLoggerListener.log Command line argument: -Dcatalina.base=C:\Users\rajen\IdeaProjects\metro-application
12-Oct-2024 19:30:23.732 INFO [main] org.apache.catalina.startup.VersionLoggerListener.log Command line argument: -Djava.io.tmpdir=C:\Users\rajen\IdeaProjects\metro-application\temp
12-Oct-2024 19:30:23.732 INFO [main] org.apache.catalina.startup.VersionLoggerListener.log Command line argument: -Djava.util.logging.config.file=C:\Users\rajen\IdeaProjects\metro-application\conf\logging.properties
12-Oct-2024 19:30:23.732 INFO [main] org.apache.catalina.startup.VersionLoggerListener.log Command line argument: -Djava.util.logging.manager=org.apache.juli.ClassLoaderLogManager
12-Oct-2024 19:30:23.732 INFO [main] org.apache.catalina.startup.VersionLoggerListener.log Command line argument: -javaagent:C:\Program Files\JetBrains\IntelliJ IDEA Community Edition 2023.3.6\New folder\New folder\IntelliJ IDEA Community Edition 2023.3.6\lib\idea_rt.jar=53882:C:\Program Files\JetBrains\IntelliJ IDEA Community Edition 2023.3.6\New folder\New folder\IntelliJ IDEA Community Edition 2023.3.6\bin
12-Oct-2024 19:30:23.732 INFO [main] org.apache.catalina.startup.VersionLoggerListener.log Command line argument: -Dfile.encoding=UTF-8
12-Oct-2024 19:30:23.736 INFO [main] org.apache.catalina.core.AprLifecycleListener.lifecycleEvent Loaded Apache Tomcat Native library [1.2.25] using APR version [1.7.0].
12-Oct-2024 19:30:23.736 INFO [main] org.apache.catalina.core.AprLifecycleListener.lifecycleEvent APR capabilities: IPv6 [true], sendfile [true], accept filters [false], random [true].
12-Oct-2024 19:30:23.736 INFO [main] org.apache.catalina.core.AprLifecycleListener.lifecycleEvent APR/OpenSSL configuration: useAprConnector [false], useOpenSSL [true]
12-Oct-2024 19:30:23.752 INFO [main] org.apache.catalina.core.AprLifecycleListener.initializeSSL OpenSSL successfully initialized [OpenSSL 1.1.1g  21 Apr 2020]
12-Oct-2024 19:30:24.061 INFO [main] org.apache.coyote.AbstractProtocol.init Initializing ProtocolHandler ["http-nio-8080"]
12-Oct-2024 19:30:24.178 INFO [main] org.apache.catalina.startup.Catalina.load Server initialization in [569] milliseconds
12-Oct-2024 19:30:24.198 INFO [main] org.apache.catalina.core.StandardService.startInternal Starting service [Catalina]
12-Oct-2024 19:30:24.198 INFO [main] org.apache.catalina.core.StandardEngine.startInternal Starting Servlet engine: [Apache Tomcat/9.0.38]
12-Oct-2024 19:30:24.204 INFO [main] org.apache.catalina.startup.HostConfig.deployDescriptor Deploying deployment descriptor [C:\Users\rajen\IdeaProjects\metro-application\conf\Catalina\localhost\metro-application.xml]
12-Oct-2024 19:30:28.878 INFO [main] org.apache.jasper.servlet.TldScanner.scanJars At least one JAR was scanned for TLDs yet contained no TLDs. Enable debug logging for this logger for a complete list of JARs that were scanned but no TLDs were found in them. Skipping unneeded JARs during scanning can improve startup time and JSP compilation time.
12-Oct-2024 19:30:37.145 INFO [main] org.apache.catalina.startup.HostConfig.deployDescriptor Deployment of deployment descriptor [C:\Users\rajen\IdeaProjects\metro-application\conf\Catalina\localhost\metro-application.xml] has finished in [12,940] ms
12-Oct-2024 19:30:37.147 INFO [main] org.apache.coyote.AbstractProtocol.start Starting ProtocolHandler ["http-nio-8080"]
12-Oct-2024 19:30:37.153 INFO [main] org.apache.catalina.startup.Catalina.start Server startup in [12974] milliseconds
12-Oct-2024 19:46:01.236 INFO [Thread-5] org.apache.coyote.AbstractProtocol.pause Pausing ProtocolHandler ["http-nio-8080"]
12-Oct-2024 19:46:01.376 INFO [Thread-5] org.apache.catalina.core.StandardService.stopInternal Stopping service [Catalina]
12-Oct-2024 19:46:01.453 WARNING [Thread-5] org.apache.catalina.loader.WebappClassLoaderBase.clearReferencesJdbc The web application [metro-application] registered the JDBC driver [com.mysql.cj.jdbc.Driver] but failed to unregister it when the web application was stopped. To prevent a memory leak, the JDBC Driver has been forcibly unregistered.
12-Oct-2024 19:46:01.454 WARNING [Thread-5] org.apache.catalina.loader.WebappClassLoaderBase.clearReferencesThreads The web application [metro-application] appears to have started a thread named [mysql-cj-abandoned-connection-cleanup] but has failed to stop it. This is very likely to create a memory leak. Stack trace of thread:
 java.lang.Object.wait(Native Method)
 java.lang.ref.ReferenceQueue.remove(ReferenceQueue.java:144)
 com.mysql.cj.jdbc.AbandonedConnectionCleanupThread.run(AbandonedConnectionCleanupThread.java:91)
 java.util.concurrent.ThreadPoolExecutor.runWorker(ThreadPoolExecutor.java:1149)
 java.util.concurrent.ThreadPoolExecutor$Worker.run(ThreadPoolExecutor.java:624)
 java.lang.Thread.run(Thread.java:748)
12-Oct-2024 19:46:01.478 INFO [Thread-5] org.apache.coyote.AbstractProtocol.stop Stopping ProtocolHandler ["http-nio-8080"]
12-Oct-2024 19:46:01.539 INFO [Thread-5] org.apache.coyote.AbstractProtocol.destroy Destroying ProtocolHandler ["http-nio-8080"]
12-Oct-2024 23:33:48.216 INFO [main] org.apache.catalina.startup.VersionLoggerListener.log Server version name:   Apache Tomcat/9.0.38
12-Oct-2024 23:33:48.220 INFO [main] org.apache.catalina.startup.VersionLoggerListener.log Server built:          Sep 10 2020 08:20:30 UTC
12-Oct-2024 23:33:48.220 INFO [main] org.apache.catalina.startup.VersionLoggerListener.log Server version number: 9.0.38.0
12-Oct-2024 23:33:48.220 INFO [main] org.apache.catalina.startup.VersionLoggerListener.log OS Name:               Windows 10
12-Oct-2024 23:33:48.220 INFO [main] org.apache.catalina.startup.VersionLoggerListener.log OS Version:            10.0
12-Oct-2024 23:33:48.221 INFO [main] org.apache.catalina.startup.VersionLoggerListener.log Architecture:          amd64
12-Oct-2024 23:33:48.221 INFO [main] org.apache.catalina.startup.VersionLoggerListener.log Java Home:             C:\Program Files\Java\jdk1.8.0_261\jre
12-Oct-2024 23:33:48.221 INFO [main] org.apache.catalina.startup.VersionLoggerListener.log JVM Version:           1.8.0_261-b12
12-Oct-2024 23:33:48.221 INFO [main] org.apache.catalina.startup.VersionLoggerListener.log JVM Vendor:            Oracle Corporation
12-Oct-2024 23:33:48.221 INFO [main] org.apache.catalina.startup.VersionLoggerListener.log CATALINA_BASE:         C:\Users\rajen\IdeaProjects\metro-application
12-Oct-2024 23:33:48.221 INFO [main] org.apache.catalina.startup.VersionLoggerListener.log CATALINA_HOME:         D:\apache-tomcat-9.0.38
12-Oct-2024 23:33:48.227 INFO [main] org.apache.catalina.startup.VersionLoggerListener.log Command line argument: -Dcatalina.home=D:\apache-tomcat-9.0.38
12-Oct-2024 23:33:48.227 INFO [main] org.apache.catalina.startup.VersionLoggerListener.log Command line argument: -Dcatalina.base=C:\Users\rajen\IdeaProjects\metro-application
12-Oct-2024 23:33:48.227 INFO [main] org.apache.catalina.startup.VersionLoggerListener.log Command line argument: -Djava.io.tmpdir=C:\Users\rajen\IdeaProjects\metro-application\temp
12-Oct-2024 23:33:48.227 INFO [main] org.apache.catalina.startup.VersionLoggerListener.log Command line argument: -Djava.util.logging.config.file=C:\Users\rajen\IdeaProjects\metro-application\conf\logging.properties
12-Oct-2024 23:33:48.227 INFO [main] org.apache.catalina.startup.VersionLoggerListener.log Command line argument: -Djava.util.logging.manager=org.apache.juli.ClassLoaderLogManager
12-Oct-2024 23:33:48.227 INFO [main] org.apache.catalina.startup.VersionLoggerListener.log Command line argument: -javaagent:C:\Program Files\JetBrains\IntelliJ IDEA Community Edition 2023.3.6\New folder\New folder\IntelliJ IDEA Community Edition 2023.3.6\lib\idea_rt.jar=57767:C:\Program Files\JetBrains\IntelliJ IDEA Community Edition 2023.3.6\New folder\New folder\IntelliJ IDEA Community Edition 2023.3.6\bin
12-Oct-2024 23:33:48.228 INFO [main] org.apache.catalina.startup.VersionLoggerListener.log Command line argument: -Dfile.encoding=UTF-8
12-Oct-2024 23:33:48.337 INFO [main] org.apache.catalina.core.AprLifecycleListener.lifecycleEvent Loaded Apache Tomcat Native library [1.2.25] using APR version [1.7.0].
12-Oct-2024 23:33:48.337 INFO [main] org.apache.catalina.core.AprLifecycleListener.lifecycleEvent APR capabilities: IPv6 [true], sendfile [true], accept filters [false], random [true].
12-Oct-2024 23:33:48.337 INFO [main] org.apache.catalina.core.AprLifecycleListener.lifecycleEvent APR/OpenSSL configuration: useAprConnector [false], useOpenSSL [true]
12-Oct-2024 23:33:48.343 INFO [main] org.apache.catalina.core.AprLifecycleListener.initializeSSL OpenSSL successfully initialized [OpenSSL 1.1.1g  21 Apr 2020]
12-Oct-2024 23:33:48.848 INFO [main] org.apache.coyote.AbstractProtocol.init Initializing ProtocolHandler ["http-nio-8080"]
12-Oct-2024 23:33:49.044 INFO [main] org.apache.catalina.startup.Catalina.load Server initialization in [1114] milliseconds
12-Oct-2024 23:33:49.087 INFO [main] org.apache.catalina.core.StandardService.startInternal Starting service [Catalina]
12-Oct-2024 23:33:49.087 INFO [main] org.apache.catalina.core.StandardEngine.startInternal Starting Servlet engine: [Apache Tomcat/9.0.38]
12-Oct-2024 23:33:49.100 INFO [main] org.apache.catalina.startup.HostConfig.deployDescriptor Deploying deployment descriptor [C:\Users\rajen\IdeaProjects\metro-application\conf\Catalina\localhost\metro-application.xml]
12-Oct-2024 23:33:57.163 INFO [main] org.apache.jasper.servlet.TldScanner.scanJars At least one JAR was scanned for TLDs yet contained no TLDs. Enable debug logging for this logger for a complete list of JARs that were scanned but no TLDs were found in them. Skipping unneeded JARs during scanning can improve startup time and JSP compilation time.
12-Oct-2024 23:34:11.008 INFO [main] org.apache.catalina.startup.HostConfig.deployDescriptor Deployment of deployment descriptor [C:\Users\rajen\IdeaProjects\metro-application\conf\Catalina\localhost\metro-application.xml] has finished in [21,907] ms
12-Oct-2024 23:34:11.010 INFO [main] org.apache.coyote.AbstractProtocol.start Starting ProtocolHandler ["http-nio-8080"]
12-Oct-2024 23:34:11.020 INFO [main] org.apache.catalina.startup.Catalina.start Server startup in [21975] milliseconds
12-Oct-2024 23:36:29.171 INFO [Thread-5] org.apache.coyote.AbstractProtocol.pause Pausing ProtocolHandler ["http-nio-8080"]
12-Oct-2024 23:36:29.234 INFO [Thread-5] org.apache.catalina.core.StandardService.stopInternal Stopping service [Catalina]
12-Oct-2024 23:36:29.250 WARNING [Thread-5] org.apache.catalina.loader.WebappClassLoaderBase.clearReferencesJdbc The web application [metro-application] registered the JDBC driver [com.mysql.cj.jdbc.Driver] but failed to unregister it when the web application was stopped. To prevent a memory leak, the JDBC Driver has been forcibly unregistered.
12-Oct-2024 23:36:29.250 WARNING [Thread-5] org.apache.catalina.loader.WebappClassLoaderBase.clearReferencesThreads The web application [metro-application] appears to have started a thread named [mysql-cj-abandoned-connection-cleanup] but has failed to stop it. This is very likely to create a memory leak. Stack trace of thread:
 java.lang.Object.wait(Native Method)
 java.lang.ref.ReferenceQueue.remove(ReferenceQueue.java:144)
 com.mysql.cj.jdbc.AbandonedConnectionCleanupThread.run(AbandonedConnectionCleanupThread.java:91)
 java.util.concurrent.ThreadPoolExecutor.runWorker(ThreadPoolExecutor.java:1149)
 java.util.concurrent.ThreadPoolExecutor$Worker.run(ThreadPoolExecutor.java:624)
 java.lang.Thread.run(Thread.java:748)
12-Oct-2024 23:36:29.265 INFO [Thread-5] org.apache.coyote.AbstractProtocol.stop Stopping ProtocolHandler ["http-nio-8080"]
12-Oct-2024 23:36:29.282 INFO [Thread-5] org.apache.coyote.AbstractProtocol.destroy Destroying ProtocolHandler ["http-nio-8080"]
12-Oct-2024 23:47:21.769 INFO [main] org.apache.catalina.startup.VersionLoggerListener.log Server version name:   Apache Tomcat/9.0.38
12-Oct-2024 23:47:21.772 INFO [main] org.apache.catalina.startup.VersionLoggerListener.log Server built:          Sep 10 2020 08:20:30 UTC
12-Oct-2024 23:47:21.772 INFO [main] org.apache.catalina.startup.VersionLoggerListener.log Server version number: 9.0.38.0
12-Oct-2024 23:47:21.772 INFO [main] org.apache.catalina.startup.VersionLoggerListener.log OS Name:               Windows 10
12-Oct-2024 23:47:21.772 INFO [main] org.apache.catalina.startup.VersionLoggerListener.log OS Version:            10.0
12-Oct-2024 23:47:21.773 INFO [main] org.apache.catalina.startup.VersionLoggerListener.log Architecture:          amd64
12-Oct-2024 23:47:21.773 INFO [main] org.apache.catalina.startup.VersionLoggerListener.log Java Home:             C:\Program Files\Java\jdk1.8.0_261\jre
12-Oct-2024 23:47:21.773 INFO [main] org.apache.catalina.startup.VersionLoggerListener.log JVM Version:           1.8.0_261-b12
12-Oct-2024 23:47:21.773 INFO [main] org.apache.catalina.startup.VersionLoggerListener.log JVM Vendor:            Oracle Corporation
12-Oct-2024 23:47:21.773 INFO [main] org.apache.catalina.startup.VersionLoggerListener.log CATALINA_BASE:         C:\Users\rajen\IdeaProjects\metro-application
12-Oct-2024 23:47:21.773 INFO [main] org.apache.catalina.startup.VersionLoggerListener.log CATALINA_HOME:         D:\apache-tomcat-9.0.38
12-Oct-2024 23:47:21.781 INFO [main] org.apache.catalina.startup.VersionLoggerListener.log Command line argument: -Dcatalina.home=D:\apache-tomcat-9.0.38
12-Oct-2024 23:47:21.781 INFO [main] org.apache.catalina.startup.VersionLoggerListener.log Command line argument: -Dcatalina.base=C:\Users\rajen\IdeaProjects\metro-application
12-Oct-2024 23:47:21.781 INFO [main] org.apache.catalina.startup.VersionLoggerListener.log Command line argument: -Djava.io.tmpdir=C:\Users\rajen\IdeaProjects\metro-application\temp
12-Oct-2024 23:47:21.781 INFO [main] org.apache.catalina.startup.VersionLoggerListener.log Command line argument: -Djava.util.logging.config.file=C:\Users\rajen\IdeaProjects\metro-application\conf\logging.properties
12-Oct-2024 23:47:21.781 INFO [main] org.apache.catalina.startup.VersionLoggerListener.log Command line argument: -Djava.util.logging.manager=org.apache.juli.ClassLoaderLogManager
12-Oct-2024 23:47:21.781 INFO [main] org.apache.catalina.startup.VersionLoggerListener.log Command line argument: -javaagent:C:\Program Files\JetBrains\IntelliJ IDEA Community Edition 2023.3.6\New folder\New folder\IntelliJ IDEA Community Edition 2023.3.6\lib\idea_rt.jar=49956:C:\Program Files\JetBrains\IntelliJ IDEA Community Edition 2023.3.6\New folder\New folder\IntelliJ IDEA Community Edition 2023.3.6\bin
12-Oct-2024 23:47:21.782 INFO [main] org.apache.catalina.startup.VersionLoggerListener.log Command line argument: -Dfile.encoding=UTF-8
12-Oct-2024 23:47:21.842 INFO [main] org.apache.catalina.core.AprLifecycleListener.lifecycleEvent Loaded Apache Tomcat Native library [1.2.25] using APR version [1.7.0].
12-Oct-2024 23:47:21.842 INFO [main] org.apache.catalina.core.AprLifecycleListener.lifecycleEvent APR capabilities: IPv6 [true], sendfile [true], accept filters [false], random [true].
12-Oct-2024 23:47:21.842 INFO [main] org.apache.catalina.core.AprLifecycleListener.lifecycleEvent APR/OpenSSL configuration: useAprConnector [false], useOpenSSL [true]
12-Oct-2024 23:47:21.849 INFO [main] org.apache.catalina.core.AprLifecycleListener.initializeSSL OpenSSL successfully initialized [OpenSSL 1.1.1g  21 Apr 2020]
12-Oct-2024 23:47:22.310 INFO [main] org.apache.coyote.AbstractProtocol.init Initializing ProtocolHandler ["http-nio-8080"]
12-Oct-2024 23:47:22.450 INFO [main] org.apache.catalina.startup.Catalina.load Server initialization in [888] milliseconds
12-Oct-2024 23:47:22.485 INFO [main] org.apache.catalina.core.StandardService.startInternal Starting service [Catalina]
12-Oct-2024 23:47:22.485 INFO [main] org.apache.catalina.core.StandardEngine.startInternal Starting Servlet engine: [Apache Tomcat/9.0.38]
12-Oct-2024 23:47:22.497 INFO [main] org.apache.catalina.startup.HostConfig.deployDescriptor Deploying deployment descriptor [C:\Users\rajen\IdeaProjects\metro-application\conf\Catalina\localhost\metro-application.xml]
12-Oct-2024 23:47:30.608 INFO [main] org.apache.jasper.servlet.TldScanner.scanJars At least one JAR was scanned for TLDs yet contained no TLDs. Enable debug logging for this logger for a complete list of JARs that were scanned but no TLDs were found in them. Skipping unneeded JARs during scanning can improve startup time and JSP compilation time.
12-Oct-2024 23:47:43.710 INFO [main] org.apache.catalina.startup.HostConfig.deployDescriptor Deployment of deployment descriptor [C:\Users\rajen\IdeaProjects\metro-application\conf\Catalina\localhost\metro-application.xml] has finished in [21,212] ms
12-Oct-2024 23:47:43.714 INFO [main] org.apache.coyote.AbstractProtocol.start Starting ProtocolHandler ["http-nio-8080"]
12-Oct-2024 23:47:43.726 INFO [main] org.apache.catalina.startup.Catalina.start Server startup in [21275] milliseconds
